#
# There is insufficient memory for the Java Runtime Environment to continue.
# Native memory allocation (mmap) failed to map 257949696 bytes for Failed to commit area from 0x000000070a400000 to 0x0000000719a00000 of length 257949696.
# Possible reasons:
#   The system is out of physical RAM or swap space
#   The process is running with CompressedOops enabled, and the Java Heap may be blocking the growth of the native heap
# Possible solutions:
#   Reduce memory load on the system
#   Increase physical memory or swap space
#   Check if swap backing store is full
#   Decrease Java heap size (-Xmx/-Xms)
#   Decrease number of Java threads
#   Decrease Java thread stack sizes (-Xss)
#   Set larger code cache with -XX:ReservedCodeCacheSize=
# This output file may be truncated or incomplete.
#
#  Out of Memory Error (./src/hotspot/os/windows/os_windows.cpp:3301), pid=19988, tid=26916
#
# JRE version:  (11.0.11+9) (build )
# Java VM: OpenJDK 64-Bit Server VM (11.0.11+9-b60-7590822, mixed mode, sharing, tiered, compressed oops, g1 gc, windows-amd64)
# No core dump will be written. Minidumps are not enabled by default on client versions of Windows
#

---------------  S U M M A R Y ------------

Command Line: org.jetbrains.kotlin.cli.jvm.K2JVMCompiler @D:\c\work space\react\WanmuApp\node_modules\react-native-screens\android\build\20220612_16386137558871292030.compiler.options

Host: AMD Ryzen 7 5700U with Radeon Graphics         , 16 cores, 15G,  Windows 10 , 64 bit Build 19041 (10.0.19041.1706)
Time: Sun Jun 12 19:09:16 2022 中国标准时间 elapsed time: 0.017145 seconds (0d 0h 0m 0s)

---------------  T H R E A D  ---------------

Current thread (0x000001ef8d929800):  JavaThread "Unknown thread" [_thread_in_vm, id=26916, stack(0x000000ed29300000,0x000000ed29400000)]

Stack: [0x000000ed29300000,0x000000ed29400000]
Native frames: (J=compiled Java code, j=interpreted, Vv=VM code, C=native code)
V  [jvm.dll+0x5f214a]
V  [jvm.dll+0x726fb5]
V  [jvm.dll+0x7285cd]
V  [jvm.dll+0x728c83]
V  [jvm.dll+0x243278]
V  [jvm.dll+0x5ef544]
V  [jvm.dll+0x5e4495]
V  [jvm.dll+0x2fec5b]
V  [jvm.dll+0x2febca]
V  [jvm.dll+0x2feaa2]
V  [jvm.dll+0x303986]
V  [jvm.dll+0x34c3a3]
V  [jvm.dll+0x34caa6]
V  [jvm.dll+0x34c4a3]
V  [jvm.dll+0x2d9688]
V  [jvm.dll+0x2da837]
V  [jvm.dll+0x705ba7]
V  [jvm.dll+0x70739c]
V  [jvm.dll+0x3598f9]
V  [jvm.dll+0x6e931e]
V  [jvm.dll+0x3c1c43]
V  [jvm.dll+0x3c3e81]
C  [jli.dll+0x5373]
C  [ucrtbase.dll+0x21bb2]
C  [KERNEL32.DLL+0x17034]
C  [ntdll.dll+0x52651]


---------------  P R O C E S S  ---------------

Threads class SMR info:
_java_thread_list=0x000001ef8c073410, length=0, elements={
}

Java Threads: ( => current thread )

Other Threads:
  0x000001ef8d942800 GCTaskThread "GC Thread#0" [stack: 0x000000ed29400000,0x000000ed29500000] [id=20520]
  0x000001ef8d99d000 ConcurrentGCThread "G1 Main Marker" [stack: 0x000000ed29500000,0x000000ed29600000] [id=24656]
  0x000001ef8d99e000 ConcurrentGCThread "G1 Conc#0" [stack: 0x000000ed29600000,0x000000ed29700000] [id=18820]

[error occurred during error reporting (printing all threads), id 0xc0000005, EXCEPTION_ACCESS_VIOLATION (0xc0000005) at pc=0x00007ffc062e9c47]

VM state:not at safepoint (not fully initialized)

VM Mutex/Monitor currently owned by a thread:  ([mutex/lock_event])
[0x000001ef8d927490] Heap_lock - owner thread: 0x000001ef8d929800

Heap address: 0x000000070a400000, size: 3932 MB, Compressed Oops mode: Non-zero based: 0x000000070a400000
Narrow klass base: 0x0000000000000000, Narrow klass shift: 0

GC Heap History (0 events):
No events

Deoptimization events (0 events):
No events

Classes redefined (0 events):
No events

Internal exceptions (0 events):
No events

Events (1 events):
Event: 0.010 Loaded shared library D:\AndroidStudio\jre\bin\zip.dll


Dynamic libraries:
0x00007ff7d4dd0000 - 0x00007ff7d4dda000 	D:\AndroidStudio\jre\bin\java.exe
0x00007ffcaa350000 - 0x00007ffcaa545000 	C:\Windows\SYSTEM32\ntdll.dll
0x00007ffcaa240000 - 0x00007ffcaa2fd000 	C:\Windows\System32\KERNEL32.DLL
0x00007ffca7e00000 - 0x00007ffca80cd000 	C:\Windows\System32\KERNELBASE.dll
0x00007ffca80d0000 - 0x00007ffca81d0000 	C:\Windows\System32\ucrtbase.dll
0x00007ffc853e0000 - 0x00007ffc853f7000 	D:\AndroidStudio\jre\bin\VCRUNTIME140.dll
0x00007ffc84fe0000 - 0x00007ffc84ff9000 	D:\AndroidStudio\jre\bin\jli.dll
0x00007ffca9af0000 - 0x00007ffca9c90000 	C:\Windows\System32\USER32.dll
0x00007ffca81d0000 - 0x00007ffca81f2000 	C:\Windows\System32\win32u.dll
0x00007ffc95190000 - 0x00007ffc9542a000 	C:\Windows\WinSxS\amd64_microsoft.windows.common-controls_6595b64144ccf1df_6.0.19041.1110_none_60b5254171f9507e\COMCTL32.dll
0x00007ffca9c90000 - 0x00007ffca9cba000 	C:\Windows\System32\GDI32.dll
0x00007ffca9120000 - 0x00007ffca91be000 	C:\Windows\System32\msvcrt.dll
0x00007ffca8200000 - 0x00007ffca830b000 	C:\Windows\System32\gdi32full.dll
0x00007ffca7d60000 - 0x00007ffca7dfd000 	C:\Windows\System32\msvcp_win.dll
0x00007ffca9220000 - 0x00007ffca9250000 	C:\Windows\System32\IMM32.DLL
0x00007ffc6f220000 - 0x00007ffc6f2bd000 	D:\AndroidStudio\jre\bin\msvcp140.dll
0x00007ffc06000000 - 0x00007ffc06ad5000 	D:\AndroidStudio\jre\bin\server\jvm.dll
0x00007ffca8ea0000 - 0x00007ffca8f4e000 	C:\Windows\System32\ADVAPI32.dll
0x00007ffcaa1a0000 - 0x00007ffcaa23c000 	C:\Windows\System32\sechost.dll
0x00007ffca8f50000 - 0x00007ffca9075000 	C:\Windows\System32\RPCRT4.dll
0x00007ffcaa300000 - 0x00007ffcaa308000 	C:\Windows\System32\PSAPI.DLL
0x00007ffca5970000 - 0x00007ffca5997000 	C:\Windows\SYSTEM32\WINMM.dll
0x00007ffca0990000 - 0x00007ffca099a000 	C:\Windows\SYSTEM32\VERSION.dll
0x00007ffc7fe70000 - 0x00007ffc7fe79000 	C:\Windows\SYSTEM32\WSOCK32.dll
0x00007ffca90b0000 - 0x00007ffca911b000 	C:\Windows\System32\WS2_32.dll
0x00007ffca62f0000 - 0x00007ffca6302000 	C:\Windows\SYSTEM32\kernel.appcore.dll
0x00007ffc99490000 - 0x00007ffc994a1000 	D:\AndroidStudio\jre\bin\verify.dll
0x00007ffca54c0000 - 0x00007ffca56a4000 	C:\Windows\SYSTEM32\DBGHELP.DLL
0x00007ffc96e40000 - 0x00007ffc96e6c000 	C:\Windows\SYSTEM32\dbgcore.DLL
0x00007ffca8310000 - 0x00007ffca8392000 	C:\Windows\System32\bcryptPrimitives.dll
0x00007ffc88980000 - 0x00007ffc889a9000 	D:\AndroidStudio\jre\bin\java.dll
0x00007ffca04a0000 - 0x00007ffca04ab000 	D:\AndroidStudio\jre\bin\jimage.dll
0x00007ffc98c70000 - 0x00007ffc98c88000 	D:\AndroidStudio\jre\bin\zip.dll

dbghelp: loaded successfully - version: 4.0.5 - missing functions: none
symbol engine: initialized successfully - sym options: 0x614 - pdb path: .;D:\AndroidStudio\jre\bin;C:\Windows\SYSTEM32;C:\Windows\WinSxS\amd64_microsoft.windows.common-controls_6595b64144ccf1df_6.0.19041.1110_none_60b5254171f9507e;D:\AndroidStudio\jre\bin\server

VM Arguments:
java_command: org.jetbrains.kotlin.cli.jvm.K2JVMCompiler @D:\c\work space\react\WanmuApp\node_modules\react-native-screens\android\build\20220612_16386137558871292030.compiler.options
java_class_path (initial): C:\Users\Zord\.gradle\caches\modules-2\files-2.1\org.jetbrains.kotlin\kotlin-compiler-embeddable\1.4.10\38c4b99d5d5362debdd9302a866730379aa2328a\kotlin-compiler-embeddable-1.4.10.jar;C:\Users\Zord\.gradle\caches\modules-2\files-2.1\org.jetbrains.kotlin\kotlin-reflect\1.4.10\e2b3c6695eee6085e606d96d685396dce23a3a06\kotlin-reflect-1.4.10.jar;C:\Users\Zord\.gradle\caches\modules-2\files-2.1\org.jetbrains.kotlin\kotlin-stdlib\1.4.10\ea29e063d2bbe695be13e9d044dcfb0c7add398e\kotlin-stdlib-1.4.10.jar;C:\Users\Zord\.gradle\caches\modules-2\files-2.1\org.jetbrains.kotlin\kotlin-script-runtime\1.4.10\7c19d9c2001e016cd7664cebe9eea66fc04a7f4f\kotlin-script-runtime-1.4.10.jar;C:\Users\Zord\.gradle\caches\modules-2\files-2.1\org.jetbrains.kotlin\kotlin-daemon-embeddable\1.4.10\dbd67f42bed28043d17d7c860b06110a00a45970\kotlin-daemon-embeddable-1.4.10.jar;C:\Users\Zord\.gradle\caches\modules-2\files-2.1\org.jetbrains.intellij.deps\trove4j\1.0.20181211\216c2e14b070f334479d800987affe4054cd563f\trove4j-1.0.20181211.jar;C:\Users\Zord\.gradle\caches\modules-2\files-2.1\org.jetbrains.kotlin\kotlin-stdlib-common\1.4.10\6229be3465805c99db1142ad75e6c6ddeac0b04c\kotlin-stdlib-common-1.4.10.jar;C:\Users\Zord\.gradle\caches\modules-2\files-2.1\org.jetbrains\annotations\13.0\919f0dfe192fb4e063e7dacadee7f8bb9a2672a9\annotations-13.0.jar
Launcher Type: SUN_STANDARD

[Global flags]
     intx CICompilerCount                          = 12                                        {product} {ergonomic}
     uint ConcGCThreads                            = 3                                         {product} {ergonomic}
     uint G1ConcRefinementThreads                  = 13                                        {product} {ergonomic}
   size_t G1HeapRegionSize                         = 1048576                                   {product} {ergonomic}
    uintx GCDrainStackTargetSize                   = 64                                        {product} {ergonomic}
   size_t InitialHeapSize                          = 257949696                                 {product} {ergonomic}
   size_t MarkStackSize                            = 4194304                                   {product} {ergonomic}
   size_t MaxHeapSize                              = 4123000832                                {product} {ergonomic}
   size_t MinHeapDeltaBytes                        = 1048576                                   {product} {ergonomic}
    uintx NonNMethodCodeHeapSize                   = 7594288                                {pd product} {ergonomic}
    uintx NonProfiledCodeHeapSize                  = 122031976                              {pd product} {ergonomic}
    uintx ProfiledCodeHeapSize                     = 122031976                              {pd product} {ergonomic}
    uintx ReservedCodeCacheSize                    = 251658240                              {pd product} {ergonomic}
     bool SegmentedCodeCache                       = true                                      {product} {ergonomic}
     bool UseCompressedClassPointers               = true                                 {lp64_product} {ergonomic}
     bool UseCompressedOops                        = true                                 {lp64_product} {ergonomic}
     bool UseG1GC                                  = true                                      {product} {ergonomic}
     bool UseLargePagesIndividualAllocation        = false                                  {pd product} {ergonomic}

Logging:
Log output configuration:
 #0: stdout all=warning uptime,level,tags
 #1: stderr all=off uptime,level,tags

Environment Variables:
JAVA_HOME=D:\java\jdk11
CLASSPATH=.;D:\java\jdk11\lib;D:\java\jdk11\lib\tools.jar
PATH=C:\Program Files\Common Files\Oracle\Java\javapath;D:\java\jdk11\bin;C:\Program Files (x86)\Common Files\Oracle\Java\javapath;C:\Windows\system32;C:\Windows;C:\Windows\System32\Wbem;C:\Windows\System32\WindowsPowerShell\v1.0\;C:\Windows\System32\OpenSSH\;.;D:\java\jdk11\lib;D:\java\jdk11\lib\tools.jar;D:\node\;D:\maven\apache-maven-3.5.0\bin;D:\git\Git\cmd;;D:\wxwork\微信web开发者工具\dll;C:\Program Files\Redis\;C:\Program Files\MySQL\MySQL Shell 8.0\bin\;C:\Users\Zord\AppData\Local\Microsoft\WindowsApps;;D:\Clion\CLion 2021.2.2\bin;;D:\clion2021\PyCharm Community Edition 2021.2.2\bin;;C:\Users\Zord\AppData\Roaming\npm;D:\idea\IntelliJ IDEA 2021.3.2\bin;;D:\Microsoft VS Code\bin
USERNAME=Zord
OS=Windows_NT
PROCESSOR_IDENTIFIER=AMD64 Family 23 Model 104 Stepping 1, AuthenticAMD



---------------  S Y S T E M  ---------------

OS: Windows 10 , 64 bit Build 19041 (10.0.19041.1706)
OS uptime: 3 days 0:41 hours

CPU:total 16 (initial active 16) (16 cores per cpu, 2 threads per core) family 23 model 104 stepping 1 microcode 0x0, cmov, cx8, fxsr, mmx, sse, sse2, sse3, ssse3, sse4.1, sse4.2, popcnt, avx, avx2, aes, clmul, mmxext, 3dnowpref, lzcnt, sse4a, ht, tsc, tscinvbit, tscinv, bmi1, bmi2, adx,

Memory: 4k page, system-wide physical 15721M (488M free)
TotalPageFile size 31070M (AvailPageFile size 70M)
current process WorkingSet (physical memory assigned to process): 10M, peak: 10M
current process commit charge ("private bytes"): 71M, peak: 317M

vm_info: OpenJDK 64-Bit Server VM (11.0.11+9-b60-7590822) for windows-amd64 JRE (11.0.11+9-b60-7590822), built on Jul 29 2021 21:43:44 by "builder" with MS VC++ 14.0 (VS2015)

END.
