#
# There is insufficient memory for the Java Runtime Environment to continue.
# Native memory allocation (malloc) failed to allocate 449536 bytes for Chunk::new
# Possible reasons:
#   The system is out of physical RAM or swap space
#   The process is running with CompressedOops enabled, and the Java Heap may be blocking the growth of the native heap
# Possible solutions:
#   Reduce memory load on the system
#   Increase physical memory or swap space
#   Check if swap backing store is full
#   Decrease Java heap size (-Xmx/-Xms)
#   Decrease number of Java threads
#   Decrease Java thread stack sizes (-Xss)
#   Set larger code cache with -XX:ReservedCodeCacheSize=
#   JVM is running with Zero Based Compressed Oops mode in which the Java heap is
#     placed in the first 32GB address space. The Java Heap base address is the
#     maximum limit for the native heap growth. Please use -XX:HeapBaseMinAddress
#     to set the Java Heap base and to place the Java Heap above 32GB virtual address.
# This output file may be truncated or incomplete.
#
#  Out of Memory Error (./src/hotspot/share/memory/arena.cpp:197), pid=1640, tid=23676
#
# JRE version: OpenJDK Runtime Environment (11.0.11+9) (build 11.0.11+9-b60-7590822)
# Java VM: OpenJDK 64-Bit Server VM (11.0.11+9-b60-7590822, mixed mode, tiered, compressed oops, g1 gc, windows-amd64)
# No core dump will be written. Minidumps are not enabled by default on client versions of Windows
#

---------------  S U M M A R Y ------------

Command Line: org.jetbrains.kotlin.cli.jvm.K2JVMCompiler @D:\c\work space\react\WanmuApp\node_modules\react-native-screens\android\build\20220612_4922375750528889365.compiler.options

Host: AMD Ryzen 7 5700U with Radeon Graphics         , 16 cores, 15G,  Windows 10 , 64 bit Build 19041 (10.0.19041.1706)
Time: Sun Jun 12 19:10:36 2022 中国标准时间 elapsed time: 2.393833 seconds (0d 0h 0m 2s)

---------------  T H R E A D  ---------------

Current thread (0x000001dd29b90800):  JavaThread "C2 CompilerThread1" daemon [_thread_in_native, id=23676, stack(0x0000000bbfc00000,0x0000000bbfd00000)]


Current CompileTask:
C2:   2393 2369   !   4       java.net.URL::<init> (543 bytes)

Stack: [0x0000000bbfc00000,0x0000000bbfd00000]
Native frames: (J=compiled Java code, j=interpreted, Vv=VM code, C=native code)
V  [jvm.dll+0x5f214a]
V  [jvm.dll+0x726fb5]
V  [jvm.dll+0x7285cd]
V  [jvm.dll+0x728c83]
V  [jvm.dll+0x243278]
V  [jvm.dll+0xbc53c]
V  [jvm.dll+0xbca3c]
V  [jvm.dll+0x2b5c34]
V  [jvm.dll+0x508488]
V  [jvm.dll+0x1fd4b5]
V  [jvm.dll+0x1fb35f]
V  [jvm.dll+0x183d6c]
V  [jvm.dll+0x209a57]
V  [jvm.dll+0x2082a1]
V  [jvm.dll+0x6ef58f]
V  [jvm.dll+0x6e80b5]
V  [jvm.dll+0x5f1036]
C  [ucrtbase.dll+0x21bb2]
C  [KERNEL32.DLL+0x17034]
C  [ntdll.dll+0x52651]


---------------  P R O C E S S  ---------------

Threads class SMR info:
_java_thread_list=0x000001dd29baa730, length=14, elements={
0x000001dd064ab000, 0x000001dd27ab1000, 0x000001dd27aba800, 0x000001dd283a7000,
0x000001dd283aa800, 0x000001dd283ad800, 0x000001dd283b0800, 0x000001dd283b9800,
0x000001dd283bc000, 0x000001dd28340800, 0x000001dd2856a800, 0x000001dd2899c800,
0x000001dd28990800, 0x000001dd29b90800
}

Java Threads: ( => current thread )
  0x000001dd064ab000 JavaThread "main" [_thread_in_vm, id=18820, stack(0x0000000bbea00000,0x0000000bbeb00000)]
  0x000001dd27ab1000 JavaThread "Reference Handler" daemon [_thread_blocked, id=25040, stack(0x0000000bbf100000,0x0000000bbf200000)]
  0x000001dd27aba800 JavaThread "Finalizer" daemon [_thread_blocked, id=8792, stack(0x0000000bbf200000,0x0000000bbf300000)]
  0x000001dd283a7000 JavaThread "Signal Dispatcher" daemon [_thread_blocked, id=15656, stack(0x0000000bbf300000,0x0000000bbf400000)]
  0x000001dd283aa800 JavaThread "Attach Listener" daemon [_thread_blocked, id=25268, stack(0x0000000bbf400000,0x0000000bbf500000)]
  0x000001dd283ad800 JavaThread "Service Thread" daemon [_thread_blocked, id=22484, stack(0x0000000bbf500000,0x0000000bbf600000)]
  0x000001dd283b0800 JavaThread "C2 CompilerThread0" daemon [_thread_in_native, id=14732, stack(0x0000000bbf600000,0x0000000bbf700000)]
  0x000001dd283b9800 JavaThread "C1 CompilerThread0" daemon [_thread_blocked, id=4664, stack(0x0000000bbf700000,0x0000000bbf800000)]
  0x000001dd283bc000 JavaThread "Sweeper thread" daemon [_thread_blocked, id=28088, stack(0x0000000bbf800000,0x0000000bbf900000)]
  0x000001dd28340800 JavaThread "C1 CompilerThread1" daemon [_thread_blocked, id=1432, stack(0x0000000bbf900000,0x0000000bbfa00000)]
  0x000001dd2856a800 JavaThread "Common-Cleaner" daemon [_thread_blocked, id=6744, stack(0x0000000bbfb00000,0x0000000bbfc00000)]
  0x000001dd2899c800 JavaThread "C1 CompilerThread2" daemon [_thread_blocked, id=19632, stack(0x0000000bbfe00000,0x0000000bbff00000)]
  0x000001dd28990800 JavaThread "C1 CompilerThread3" daemon [_thread_blocked, id=2556, stack(0x0000000bbff00000,0x0000000bc0000000)]
=>0x000001dd29b90800 JavaThread "C2 CompilerThread1" daemon [_thread_in_native, id=23676, stack(0x0000000bbfc00000,0x0000000bbfd00000)]

Other Threads:
  0x000001dd27a8e000 VMThread "VM Thread" [stack: 0x0000000bbf000000,0x0000000bbf100000] [id=27440]
  0x000001dd28538000 WatcherThread [stack: 0x0000000bbfa00000,0x0000000bbfb00000] [id=22896]
  0x000001dd064c2800 GCTaskThread "GC Thread#0" [stack: 0x0000000bbeb00000,0x0000000bbec00000] [id=26348]
  0x000001dd28bf0800 GCTaskThread "GC Thread#1" [stack: 0x0000000bc0000000,0x0000000bc0100000] [id=364]
  0x000001dd28bf1000 GCTaskThread "GC Thread#2" [stack: 0x0000000bc0100000,0x0000000bc0200000] [id=7264]
  0x000001dd28bf2000 GCTaskThread "GC Thread#3" [stack: 0x0000000bc0200000,0x0000000bc0300000] [id=4908]
  0x000001dd28bf3000 GCTaskThread "GC Thread#4" [stack: 0x0000000bc0300000,0x0000000bc0400000] [id=21676]
  0x000001dd0651c000 ConcurrentGCThread "G1 Main Marker" [stack: 0x0000000bbec00000,0x0000000bbed00000] [id=29432]
  0x000001dd0651d800 ConcurrentGCThread "G1 Conc#0" [stack: 0x0000000bbed00000,0x0000000bbee00000] [id=22940]
  0x000001dd29604800 ConcurrentGCThread "G1 Conc#1" [stack: 0x0000000bc0400000,0x0000000bc0500000] [id=3432]
  0x000001dd28c20000 ConcurrentGCThread "G1 Conc#2" [stack: 0x0000000bc0500000,0x0000000bc0600000] [id=16392]
  0x000001dd27974800 ConcurrentGCThread "G1 Refine#0" [stack: 0x0000000bbee00000,0x0000000bbef00000] [id=27544]
  0x000001dd27976800 ConcurrentGCThread "G1 Young RemSet Sampling" [stack: 0x0000000bbef00000,0x0000000bbf000000] [id=24380]

Threads with active compile tasks:
C2 CompilerThread0   2415 2064   !   4       jdk.internal.loader.BuiltinClassLoader::loadClassOrNull (143 bytes)
C2 CompilerThread1   2415 2369   !   4       java.net.URL::<init> (543 bytes)

VM state:not at safepoint (normal execution)

VM Mutex/Monitor currently owned by a thread: None

Heap address: 0x000000070a400000, size: 3932 MB, Compressed Oops mode: Zero based, Oop shift amount: 3
Narrow klass base: 0x0000000800000000, Narrow klass shift: 0
Compressed class space size: 1073741824 Address: 0x0000000800000000

Heap:
 garbage-first heap   total 251904K, used 56755K [0x000000070a400000, 0x0000000800000000)
  region size 1024K, 48 young (49152K), 7 survivors (7168K)
 Metaspace       used 28934K, capacity 29268K, committed 29440K, reserved 1075200K
  class space    used 3170K, capacity 3316K, committed 3328K, reserved 1048576K
Heap Regions: E=young(eden), S=young(survivor), O=old, HS=humongous(starts), HC=humongous(continues), CS=collection set, F=free, A=archive, TAMS=top-at-mark-start (previous, next)
|   0|0x000000070a400000, 0x000000070a500000, 0x000000070a500000|100%|HS|  |TAMS 0x000000070a500000, 0x000000070a400000| Complete 
|   1|0x000000070a500000, 0x000000070a600000, 0x000000070a600000|100%|HC|  |TAMS 0x000000070a600000, 0x000000070a500000| Complete 
|   2|0x000000070a600000, 0x000000070a700000, 0x000000070a700000|100%|HC|  |TAMS 0x000000070a700000, 0x000000070a600000| Complete 
|   3|0x000000070a700000, 0x000000070a800000, 0x000000070a800000|100%|HS|  |TAMS 0x000000070a700000, 0x000000070a700000| Complete 
|   4|0x000000070a800000, 0x000000070a900000, 0x000000070a900000|100%|HC|  |TAMS 0x000000070a800000, 0x000000070a800000| Complete 
|   5|0x000000070a900000, 0x000000070aa00000, 0x000000070aa00000|100%|HS|  |TAMS 0x000000070a900000, 0x000000070a900000| Complete 
|   6|0x000000070aa00000, 0x000000070ab00000, 0x000000070ab00000|100%|HC|  |TAMS 0x000000070aa00000, 0x000000070aa00000| Complete 
|   7|0x000000070ab00000, 0x000000070ac00000, 0x000000070ac00000|100%|HS|  |TAMS 0x000000070ab00000, 0x000000070ab00000| Complete 
|   8|0x000000070ac00000, 0x000000070ad00000, 0x000000070ad00000|100%|HC|  |TAMS 0x000000070ac00000, 0x000000070ac00000| Complete 
|   9|0x000000070ad00000, 0x000000070ad00000, 0x000000070ae00000|  0%| F|  |TAMS 0x000000070ad00000, 0x000000070ad00000| Untracked 
|  10|0x000000070ae00000, 0x000000070ae00000, 0x000000070af00000|  0%| F|  |TAMS 0x000000070ae00000, 0x000000070ae00000| Untracked 
|  11|0x000000070af00000, 0x000000070af00000, 0x000000070b000000|  0%| F|  |TAMS 0x000000070af00000, 0x000000070af00000| Untracked 
|  12|0x000000070b000000, 0x000000070b000000, 0x000000070b100000|  0%| F|  |TAMS 0x000000070b000000, 0x000000070b000000| Untracked 
|  13|0x000000070b100000, 0x000000070b100000, 0x000000070b200000|  0%| F|  |TAMS 0x000000070b100000, 0x000000070b100000| Untracked 
|  14|0x000000070b200000, 0x000000070b200000, 0x000000070b300000|  0%| F|  |TAMS 0x000000070b200000, 0x000000070b200000| Untracked 
|  15|0x000000070b300000, 0x000000070b300000, 0x000000070b400000|  0%| F|  |TAMS 0x000000070b300000, 0x000000070b300000| Untracked 
|  16|0x000000070b400000, 0x000000070b400000, 0x000000070b500000|  0%| F|  |TAMS 0x000000070b400000, 0x000000070b400000| Untracked 
|  17|0x000000070b500000, 0x000000070b500000, 0x000000070b600000|  0%| F|  |TAMS 0x000000070b500000, 0x000000070b500000| Untracked 
|  18|0x000000070b600000, 0x000000070b600000, 0x000000070b700000|  0%| F|  |TAMS 0x000000070b600000, 0x000000070b600000| Untracked 
|  19|0x000000070b700000, 0x000000070b700000, 0x000000070b800000|  0%| F|  |TAMS 0x000000070b700000, 0x000000070b700000| Untracked 
|  20|0x000000070b800000, 0x000000070b800000, 0x000000070b900000|  0%| F|  |TAMS 0x000000070b800000, 0x000000070b800000| Untracked 
|  21|0x000000070b900000, 0x000000070b900000, 0x000000070ba00000|  0%| F|  |TAMS 0x000000070b900000, 0x000000070b900000| Untracked 
|  22|0x000000070ba00000, 0x000000070ba00000, 0x000000070bb00000|  0%| F|  |TAMS 0x000000070ba00000, 0x000000070ba00000| Untracked 
|  23|0x000000070bb00000, 0x000000070bb00000, 0x000000070bc00000|  0%| F|  |TAMS 0x000000070bb00000, 0x000000070bb00000| Untracked 
|  24|0x000000070bc00000, 0x000000070bc00000, 0x000000070bd00000|  0%| F|  |TAMS 0x000000070bc00000, 0x000000070bc00000| Untracked 
|  25|0x000000070bd00000, 0x000000070bd00000, 0x000000070be00000|  0%| F|  |TAMS 0x000000070bd00000, 0x000000070bd00000| Untracked 
|  26|0x000000070be00000, 0x000000070be00000, 0x000000070bf00000|  0%| F|  |TAMS 0x000000070be00000, 0x000000070be00000| Untracked 
|  27|0x000000070bf00000, 0x000000070bf00000, 0x000000070c000000|  0%| F|  |TAMS 0x000000070bf00000, 0x000000070bf00000| Untracked 
|  28|0x000000070c000000, 0x000000070c000000, 0x000000070c100000|  0%| F|  |TAMS 0x000000070c000000, 0x000000070c000000| Untracked 
|  29|0x000000070c100000, 0x000000070c100000, 0x000000070c200000|  0%| F|  |TAMS 0x000000070c100000, 0x000000070c100000| Untracked 
|  30|0x000000070c200000, 0x000000070c200000, 0x000000070c300000|  0%| F|  |TAMS 0x000000070c200000, 0x000000070c200000| Untracked 
|  31|0x000000070c300000, 0x000000070c300000, 0x000000070c400000|  0%| F|  |TAMS 0x000000070c300000, 0x000000070c300000| Untracked 
|  32|0x000000070c400000, 0x000000070c400000, 0x000000070c500000|  0%| F|  |TAMS 0x000000070c400000, 0x000000070c400000| Untracked 
|  33|0x000000070c500000, 0x000000070c500000, 0x000000070c600000|  0%| F|  |TAMS 0x000000070c500000, 0x000000070c500000| Untracked 
|  34|0x000000070c600000, 0x000000070c600000, 0x000000070c700000|  0%| F|  |TAMS 0x000000070c600000, 0x000000070c600000| Untracked 
|  35|0x000000070c700000, 0x000000070c700000, 0x000000070c800000|  0%| F|  |TAMS 0x000000070c700000, 0x000000070c700000| Untracked 
|  36|0x000000070c800000, 0x000000070c800000, 0x000000070c900000|  0%| F|  |TAMS 0x000000070c800000, 0x000000070c800000| Untracked 
|  37|0x000000070c900000, 0x000000070c900000, 0x000000070ca00000|  0%| F|  |TAMS 0x000000070c900000, 0x000000070c900000| Untracked 
|  38|0x000000070ca00000, 0x000000070ca00000, 0x000000070cb00000|  0%| F|  |TAMS 0x000000070ca00000, 0x000000070ca00000| Untracked 
|  39|0x000000070cb00000, 0x000000070cb00000, 0x000000070cc00000|  0%| F|  |TAMS 0x000000070cb00000, 0x000000070cb00000| Untracked 
|  40|0x000000070cc00000, 0x000000070cc00000, 0x000000070cd00000|  0%| F|  |TAMS 0x000000070cc00000, 0x000000070cc00000| Untracked 
|  41|0x000000070cd00000, 0x000000070cd00000, 0x000000070ce00000|  0%| F|  |TAMS 0x000000070cd00000, 0x000000070cd00000| Untracked 
|  42|0x000000070ce00000, 0x000000070ce00000, 0x000000070cf00000|  0%| F|  |TAMS 0x000000070ce00000, 0x000000070ce00000| Untracked 
|  43|0x000000070cf00000, 0x000000070cf00000, 0x000000070d000000|  0%| F|  |TAMS 0x000000070cf00000, 0x000000070cf00000| Untracked 
|  44|0x000000070d000000, 0x000000070d000000, 0x000000070d100000|  0%| F|  |TAMS 0x000000070d000000, 0x000000070d000000| Untracked 
|  45|0x000000070d100000, 0x000000070d100000, 0x000000070d200000|  0%| F|  |TAMS 0x000000070d100000, 0x000000070d100000| Untracked 
|  46|0x000000070d200000, 0x000000070d200000, 0x000000070d300000|  0%| F|  |TAMS 0x000000070d200000, 0x000000070d200000| Untracked 
|  47|0x000000070d300000, 0x000000070d300000, 0x000000070d400000|  0%| F|  |TAMS 0x000000070d300000, 0x000000070d300000| Untracked 
|  48|0x000000070d400000, 0x000000070d400000, 0x000000070d500000|  0%| F|  |TAMS 0x000000070d400000, 0x000000070d400000| Untracked 
|  49|0x000000070d500000, 0x000000070d500000, 0x000000070d600000|  0%| F|  |TAMS 0x000000070d500000, 0x000000070d500000| Untracked 
|  50|0x000000070d600000, 0x000000070d600000, 0x000000070d700000|  0%| F|  |TAMS 0x000000070d600000, 0x000000070d600000| Untracked 
|  51|0x000000070d700000, 0x000000070d700000, 0x000000070d800000|  0%| F|  |TAMS 0x000000070d700000, 0x000000070d700000| Untracked 
|  52|0x000000070d800000, 0x000000070d800000, 0x000000070d900000|  0%| F|  |TAMS 0x000000070d800000, 0x000000070d800000| Untracked 
|  53|0x000000070d900000, 0x000000070d900000, 0x000000070da00000|  0%| F|  |TAMS 0x000000070d900000, 0x000000070d900000| Untracked 
|  54|0x000000070da00000, 0x000000070da00000, 0x000000070db00000|  0%| F|  |TAMS 0x000000070da00000, 0x000000070da00000| Untracked 
|  55|0x000000070db00000, 0x000000070db00000, 0x000000070dc00000|  0%| F|  |TAMS 0x000000070db00000, 0x000000070db00000| Untracked 
|  56|0x000000070dc00000, 0x000000070dc00000, 0x000000070dd00000|  0%| F|  |TAMS 0x000000070dc00000, 0x000000070dc00000| Untracked 
|  57|0x000000070dd00000, 0x000000070dd00000, 0x000000070de00000|  0%| F|  |TAMS 0x000000070dd00000, 0x000000070dd00000| Untracked 
|  58|0x000000070de00000, 0x000000070de00000, 0x000000070df00000|  0%| F|  |TAMS 0x000000070de00000, 0x000000070de00000| Untracked 
|  59|0x000000070df00000, 0x000000070df00000, 0x000000070e000000|  0%| F|  |TAMS 0x000000070df00000, 0x000000070df00000| Untracked 
|  60|0x000000070e000000, 0x000000070e000000, 0x000000070e100000|  0%| F|  |TAMS 0x000000070e000000, 0x000000070e000000| Untracked 
|  61|0x000000070e100000, 0x000000070e100000, 0x000000070e200000|  0%| F|  |TAMS 0x000000070e100000, 0x000000070e100000| Untracked 
|  62|0x000000070e200000, 0x000000070e200000, 0x000000070e300000|  0%| F|  |TAMS 0x000000070e200000, 0x000000070e200000| Untracked 
|  63|0x000000070e300000, 0x000000070e300000, 0x000000070e400000|  0%| F|  |TAMS 0x000000070e300000, 0x000000070e300000| Untracked 
|  64|0x000000070e400000, 0x000000070e400000, 0x000000070e500000|  0%| F|  |TAMS 0x000000070e400000, 0x000000070e400000| Untracked 
|  65|0x000000070e500000, 0x000000070e500000, 0x000000070e600000|  0%| F|  |TAMS 0x000000070e500000, 0x000000070e500000| Untracked 
|  66|0x000000070e600000, 0x000000070e600000, 0x000000070e700000|  0%| F|  |TAMS 0x000000070e600000, 0x000000070e600000| Untracked 
|  67|0x000000070e700000, 0x000000070e700000, 0x000000070e800000|  0%| F|  |TAMS 0x000000070e700000, 0x000000070e700000| Untracked 
|  68|0x000000070e800000, 0x000000070e800000, 0x000000070e900000|  0%| F|  |TAMS 0x000000070e800000, 0x000000070e800000| Untracked 
|  69|0x000000070e900000, 0x000000070e900000, 0x000000070ea00000|  0%| F|  |TAMS 0x000000070e900000, 0x000000070e900000| Untracked 
|  70|0x000000070ea00000, 0x000000070ea00000, 0x000000070eb00000|  0%| F|  |TAMS 0x000000070ea00000, 0x000000070ea00000| Untracked 
|  71|0x000000070eb00000, 0x000000070eb00000, 0x000000070ec00000|  0%| F|  |TAMS 0x000000070eb00000, 0x000000070eb00000| Untracked 
|  72|0x000000070ec00000, 0x000000070ec00000, 0x000000070ed00000|  0%| F|  |TAMS 0x000000070ec00000, 0x000000070ec00000| Untracked 
|  73|0x000000070ed00000, 0x000000070ed00000, 0x000000070ee00000|  0%| F|  |TAMS 0x000000070ed00000, 0x000000070ed00000| Untracked 
|  74|0x000000070ee00000, 0x000000070ee00000, 0x000000070ef00000|  0%| F|  |TAMS 0x000000070ee00000, 0x000000070ee00000| Untracked 
|  75|0x000000070ef00000, 0x000000070ef00000, 0x000000070f000000|  0%| F|  |TAMS 0x000000070ef00000, 0x000000070ef00000| Untracked 
|  76|0x000000070f000000, 0x000000070f000000, 0x000000070f100000|  0%| F|  |TAMS 0x000000070f000000, 0x000000070f000000| Untracked 
|  77|0x000000070f100000, 0x000000070f100000, 0x000000070f200000|  0%| F|  |TAMS 0x000000070f100000, 0x000000070f100000| Untracked 
|  78|0x000000070f200000, 0x000000070f200000, 0x000000070f300000|  0%| F|  |TAMS 0x000000070f200000, 0x000000070f200000| Untracked 
|  79|0x000000070f300000, 0x000000070f300000, 0x000000070f400000|  0%| F|  |TAMS 0x000000070f300000, 0x000000070f300000| Untracked 
|  80|0x000000070f400000, 0x000000070f400000, 0x000000070f500000|  0%| F|  |TAMS 0x000000070f400000, 0x000000070f400000| Untracked 
|  81|0x000000070f500000, 0x000000070f500000, 0x000000070f600000|  0%| F|  |TAMS 0x000000070f500000, 0x000000070f500000| Untracked 
|  82|0x000000070f600000, 0x000000070f600000, 0x000000070f700000|  0%| F|  |TAMS 0x000000070f600000, 0x000000070f600000| Untracked 
|  83|0x000000070f700000, 0x000000070f700000, 0x000000070f800000|  0%| F|  |TAMS 0x000000070f700000, 0x000000070f700000| Untracked 
|  84|0x000000070f800000, 0x000000070f800000, 0x000000070f900000|  0%| F|  |TAMS 0x000000070f800000, 0x000000070f800000| Untracked 
|  85|0x000000070f900000, 0x000000070f900000, 0x000000070fa00000|  0%| F|  |TAMS 0x000000070f900000, 0x000000070f900000| Untracked 
|  86|0x000000070fa00000, 0x000000070fa00000, 0x000000070fb00000|  0%| F|  |TAMS 0x000000070fa00000, 0x000000070fa00000| Untracked 
|  87|0x000000070fb00000, 0x000000070fb00000, 0x000000070fc00000|  0%| F|  |TAMS 0x000000070fb00000, 0x000000070fb00000| Untracked 
|  88|0x000000070fc00000, 0x000000070fc00000, 0x000000070fd00000|  0%| F|  |TAMS 0x000000070fc00000, 0x000000070fc00000| Untracked 
|  89|0x000000070fd00000, 0x000000070fd00000, 0x000000070fe00000|  0%| F|  |TAMS 0x000000070fd00000, 0x000000070fd00000| Untracked 
|  90|0x000000070fe00000, 0x000000070fe00000, 0x000000070ff00000|  0%| F|  |TAMS 0x000000070fe00000, 0x000000070fe00000| Untracked 
|  91|0x000000070ff00000, 0x000000070ff00000, 0x0000000710000000|  0%| F|  |TAMS 0x000000070ff00000, 0x000000070ff00000| Untracked 
|  92|0x0000000710000000, 0x0000000710000000, 0x0000000710100000|  0%| F|  |TAMS 0x0000000710000000, 0x0000000710000000| Untracked 
|  93|0x0000000710100000, 0x0000000710100000, 0x0000000710200000|  0%| F|  |TAMS 0x0000000710100000, 0x0000000710100000| Untracked 
|  94|0x0000000710200000, 0x0000000710200000, 0x0000000710300000|  0%| F|  |TAMS 0x0000000710200000, 0x0000000710200000| Untracked 
|  95|0x0000000710300000, 0x0000000710300000, 0x0000000710400000|  0%| F|  |TAMS 0x0000000710300000, 0x0000000710300000| Untracked 
|  96|0x0000000710400000, 0x0000000710400000, 0x0000000710500000|  0%| F|  |TAMS 0x0000000710400000, 0x0000000710400000| Untracked 
|  97|0x0000000710500000, 0x0000000710500000, 0x0000000710600000|  0%| F|  |TAMS 0x0000000710500000, 0x0000000710500000| Untracked 
|  98|0x0000000710600000, 0x0000000710600000, 0x0000000710700000|  0%| F|  |TAMS 0x0000000710600000, 0x0000000710600000| Untracked 
|  99|0x0000000710700000, 0x0000000710700000, 0x0000000710800000|  0%| F|  |TAMS 0x0000000710700000, 0x0000000710700000| Untracked 
| 100|0x0000000710800000, 0x0000000710800000, 0x0000000710900000|  0%| F|  |TAMS 0x0000000710800000, 0x0000000710800000| Untracked 
| 101|0x0000000710900000, 0x0000000710900000, 0x0000000710a00000|  0%| F|  |TAMS 0x0000000710900000, 0x0000000710900000| Untracked 
| 102|0x0000000710a00000, 0x0000000710a00000, 0x0000000710b00000|  0%| F|  |TAMS 0x0000000710a00000, 0x0000000710a00000| Untracked 
| 103|0x0000000710b00000, 0x0000000710b00000, 0x0000000710c00000|  0%| F|  |TAMS 0x0000000710b00000, 0x0000000710b00000| Untracked 
| 104|0x0000000710c00000, 0x0000000710c00000, 0x0000000710d00000|  0%| F|  |TAMS 0x0000000710c00000, 0x0000000710c00000| Untracked 
| 105|0x0000000710d00000, 0x0000000710d00000, 0x0000000710e00000|  0%| F|  |TAMS 0x0000000710d00000, 0x0000000710d00000| Untracked 
| 106|0x0000000710e00000, 0x0000000710e00000, 0x0000000710f00000|  0%| F|  |TAMS 0x0000000710e00000, 0x0000000710e00000| Untracked 
| 107|0x0000000710f00000, 0x0000000710f00000, 0x0000000711000000|  0%| F|  |TAMS 0x0000000710f00000, 0x0000000710f00000| Untracked 
| 108|0x0000000711000000, 0x0000000711000000, 0x0000000711100000|  0%| F|  |TAMS 0x0000000711000000, 0x0000000711000000| Untracked 
| 109|0x0000000711100000, 0x0000000711100000, 0x0000000711200000|  0%| F|  |TAMS 0x0000000711100000, 0x0000000711100000| Untracked 
| 110|0x0000000711200000, 0x0000000711200000, 0x0000000711300000|  0%| F|  |TAMS 0x0000000711200000, 0x0000000711200000| Untracked 
| 111|0x0000000711300000, 0x0000000711300000, 0x0000000711400000|  0%| F|  |TAMS 0x0000000711300000, 0x0000000711300000| Untracked 
| 112|0x0000000711400000, 0x0000000711400000, 0x0000000711500000|  0%| F|  |TAMS 0x0000000711400000, 0x0000000711400000| Untracked 
| 113|0x0000000711500000, 0x0000000711500000, 0x0000000711600000|  0%| F|  |TAMS 0x0000000711500000, 0x0000000711500000| Untracked 
| 114|0x0000000711600000, 0x0000000711600000, 0x0000000711700000|  0%| F|  |TAMS 0x0000000711600000, 0x0000000711600000| Untracked 
| 115|0x0000000711700000, 0x0000000711700000, 0x0000000711800000|  0%| F|  |TAMS 0x0000000711700000, 0x0000000711700000| Untracked 
| 116|0x0000000711800000, 0x0000000711800000, 0x0000000711900000|  0%| F|  |TAMS 0x0000000711800000, 0x0000000711800000| Untracked 
| 117|0x0000000711900000, 0x0000000711900000, 0x0000000711a00000|  0%| F|  |TAMS 0x0000000711900000, 0x0000000711900000| Untracked 
| 118|0x0000000711a00000, 0x0000000711a00000, 0x0000000711b00000|  0%| F|  |TAMS 0x0000000711a00000, 0x0000000711a00000| Untracked 
| 119|0x0000000711b00000, 0x0000000711b00000, 0x0000000711c00000|  0%| F|  |TAMS 0x0000000711b00000, 0x0000000711b00000| Untracked 
| 120|0x0000000711c00000, 0x0000000711c00000, 0x0000000711d00000|  0%| F|  |TAMS 0x0000000711c00000, 0x0000000711c00000| Untracked 
| 121|0x0000000711d00000, 0x0000000711d00000, 0x0000000711e00000|  0%| F|  |TAMS 0x0000000711d00000, 0x0000000711d00000| Untracked 
| 122|0x0000000711e00000, 0x0000000711e00000, 0x0000000711f00000|  0%| F|  |TAMS 0x0000000711e00000, 0x0000000711e00000| Untracked 
| 123|0x0000000711f00000, 0x0000000711f00000, 0x0000000712000000|  0%| F|  |TAMS 0x0000000711f00000, 0x0000000711f00000| Untracked 
| 124|0x0000000712000000, 0x0000000712000000, 0x0000000712100000|  0%| F|  |TAMS 0x0000000712000000, 0x0000000712000000| Untracked 
| 125|0x0000000712100000, 0x0000000712100000, 0x0000000712200000|  0%| F|  |TAMS 0x0000000712100000, 0x0000000712100000| Untracked 
| 126|0x0000000712200000, 0x0000000712200000, 0x0000000712300000|  0%| F|  |TAMS 0x0000000712200000, 0x0000000712200000| Untracked 
| 127|0x0000000712300000, 0x0000000712300000, 0x0000000712400000|  0%| F|  |TAMS 0x0000000712300000, 0x0000000712300000| Untracked 
| 128|0x0000000712400000, 0x0000000712400000, 0x0000000712500000|  0%| F|  |TAMS 0x0000000712400000, 0x0000000712400000| Untracked 
| 129|0x0000000712500000, 0x0000000712500000, 0x0000000712600000|  0%| F|  |TAMS 0x0000000712500000, 0x0000000712500000| Untracked 
| 130|0x0000000712600000, 0x0000000712600000, 0x0000000712700000|  0%| F|  |TAMS 0x0000000712600000, 0x0000000712600000| Untracked 
| 131|0x0000000712700000, 0x0000000712700000, 0x0000000712800000|  0%| F|  |TAMS 0x0000000712700000, 0x0000000712700000| Untracked 
| 132|0x0000000712800000, 0x0000000712800000, 0x0000000712900000|  0%| F|  |TAMS 0x0000000712800000, 0x0000000712800000| Untracked 
| 133|0x0000000712900000, 0x0000000712900000, 0x0000000712a00000|  0%| F|  |TAMS 0x0000000712900000, 0x0000000712900000| Untracked 
| 134|0x0000000712a00000, 0x0000000712a00000, 0x0000000712b00000|  0%| F|  |TAMS 0x0000000712a00000, 0x0000000712a00000| Untracked 
| 135|0x0000000712b00000, 0x0000000712b00000, 0x0000000712c00000|  0%| F|  |TAMS 0x0000000712b00000, 0x0000000712b00000| Untracked 
| 136|0x0000000712c00000, 0x0000000712c00000, 0x0000000712d00000|  0%| F|  |TAMS 0x0000000712c00000, 0x0000000712c00000| Untracked 
| 137|0x0000000712d00000, 0x0000000712d00000, 0x0000000712e00000|  0%| F|  |TAMS 0x0000000712d00000, 0x0000000712d00000| Untracked 
| 138|0x0000000712e00000, 0x0000000712e00000, 0x0000000712f00000|  0%| F|  |TAMS 0x0000000712e00000, 0x0000000712e00000| Untracked 
| 139|0x0000000712f00000, 0x0000000712f00000, 0x0000000713000000|  0%| F|  |TAMS 0x0000000712f00000, 0x0000000712f00000| Untracked 
| 140|0x0000000713000000, 0x0000000713000000, 0x0000000713100000|  0%| F|  |TAMS 0x0000000713000000, 0x0000000713000000| Untracked 
| 141|0x0000000713100000, 0x0000000713100000, 0x0000000713200000|  0%| F|  |TAMS 0x0000000713100000, 0x0000000713100000| Untracked 
| 142|0x0000000713200000, 0x0000000713200000, 0x0000000713300000|  0%| F|  |TAMS 0x0000000713200000, 0x0000000713200000| Untracked 
| 143|0x0000000713300000, 0x0000000713300000, 0x0000000713400000|  0%| F|  |TAMS 0x0000000713300000, 0x0000000713300000| Untracked 
| 144|0x0000000713400000, 0x0000000713400000, 0x0000000713500000|  0%| F|  |TAMS 0x0000000713400000, 0x0000000713400000| Untracked 
| 145|0x0000000713500000, 0x0000000713500000, 0x0000000713600000|  0%| F|  |TAMS 0x0000000713500000, 0x0000000713500000| Untracked 
| 146|0x0000000713600000, 0x0000000713600000, 0x0000000713700000|  0%| F|  |TAMS 0x0000000713600000, 0x0000000713600000| Untracked 
| 147|0x0000000713700000, 0x0000000713700000, 0x0000000713800000|  0%| F|  |TAMS 0x0000000713700000, 0x0000000713700000| Untracked 
| 148|0x0000000713800000, 0x0000000713800000, 0x0000000713900000|  0%| F|  |TAMS 0x0000000713800000, 0x0000000713800000| Untracked 
| 149|0x0000000713900000, 0x0000000713900000, 0x0000000713a00000|  0%| F|  |TAMS 0x0000000713900000, 0x0000000713900000| Untracked 
| 150|0x0000000713a00000, 0x0000000713a00000, 0x0000000713b00000|  0%| F|  |TAMS 0x0000000713a00000, 0x0000000713a00000| Untracked 
| 151|0x0000000713b00000, 0x0000000713b00000, 0x0000000713c00000|  0%| F|  |TAMS 0x0000000713b00000, 0x0000000713b00000| Untracked 
| 152|0x0000000713c00000, 0x0000000713c00000, 0x0000000713d00000|  0%| F|  |TAMS 0x0000000713c00000, 0x0000000713c00000| Untracked 
| 153|0x0000000713d00000, 0x0000000713d00000, 0x0000000713e00000|  0%| F|  |TAMS 0x0000000713d00000, 0x0000000713d00000| Untracked 
| 154|0x0000000713e00000, 0x0000000713e00000, 0x0000000713f00000|  0%| F|  |TAMS 0x0000000713e00000, 0x0000000713e00000| Untracked 
| 155|0x0000000713f00000, 0x0000000713f00000, 0x0000000714000000|  0%| F|  |TAMS 0x0000000713f00000, 0x0000000713f00000| Untracked 
| 156|0x0000000714000000, 0x0000000714000000, 0x0000000714100000|  0%| F|  |TAMS 0x0000000714000000, 0x0000000714000000| Untracked 
| 157|0x0000000714100000, 0x0000000714100000, 0x0000000714200000|  0%| F|  |TAMS 0x0000000714100000, 0x0000000714100000| Untracked 
| 158|0x0000000714200000, 0x0000000714200000, 0x0000000714300000|  0%| F|  |TAMS 0x0000000714200000, 0x0000000714200000| Untracked 
| 159|0x0000000714300000, 0x0000000714300000, 0x0000000714400000|  0%| F|  |TAMS 0x0000000714300000, 0x0000000714300000| Untracked 
| 160|0x0000000714400000, 0x0000000714400000, 0x0000000714500000|  0%| F|  |TAMS 0x0000000714400000, 0x0000000714400000| Untracked 
| 161|0x0000000714500000, 0x0000000714500000, 0x0000000714600000|  0%| F|  |TAMS 0x0000000714500000, 0x0000000714500000| Untracked 
| 162|0x0000000714600000, 0x0000000714600000, 0x0000000714700000|  0%| F|  |TAMS 0x0000000714600000, 0x0000000714600000| Untracked 
| 163|0x0000000714700000, 0x0000000714700000, 0x0000000714800000|  0%| F|  |TAMS 0x0000000714700000, 0x0000000714700000| Untracked 
| 164|0x0000000714800000, 0x0000000714800000, 0x0000000714900000|  0%| F|  |TAMS 0x0000000714800000, 0x0000000714800000| Untracked 
| 165|0x0000000714900000, 0x0000000714900000, 0x0000000714a00000|  0%| F|  |TAMS 0x0000000714900000, 0x0000000714900000| Untracked 
| 166|0x0000000714a00000, 0x0000000714a00000, 0x0000000714b00000|  0%| F|  |TAMS 0x0000000714a00000, 0x0000000714a00000| Untracked 
| 167|0x0000000714b00000, 0x0000000714b00000, 0x0000000714c00000|  0%| F|  |TAMS 0x0000000714b00000, 0x0000000714b00000| Untracked 
| 168|0x0000000714c00000, 0x0000000714c00000, 0x0000000714d00000|  0%| F|  |TAMS 0x0000000714c00000, 0x0000000714c00000| Untracked 
| 169|0x0000000714d00000, 0x0000000714d00000, 0x0000000714e00000|  0%| F|  |TAMS 0x0000000714d00000, 0x0000000714d00000| Untracked 
| 170|0x0000000714e00000, 0x0000000714e00000, 0x0000000714f00000|  0%| F|  |TAMS 0x0000000714e00000, 0x0000000714e00000| Untracked 
| 171|0x0000000714f00000, 0x0000000714f00000, 0x0000000715000000|  0%| F|  |TAMS 0x0000000714f00000, 0x0000000714f00000| Untracked 
| 172|0x0000000715000000, 0x0000000715000000, 0x0000000715100000|  0%| F|  |TAMS 0x0000000715000000, 0x0000000715000000| Untracked 
| 173|0x0000000715100000, 0x0000000715100000, 0x0000000715200000|  0%| F|  |TAMS 0x0000000715100000, 0x0000000715100000| Untracked 
| 174|0x0000000715200000, 0x0000000715200000, 0x0000000715300000|  0%| F|  |TAMS 0x0000000715200000, 0x0000000715200000| Untracked 
| 175|0x0000000715300000, 0x0000000715300000, 0x0000000715400000|  0%| F|  |TAMS 0x0000000715300000, 0x0000000715300000| Untracked 
| 176|0x0000000715400000, 0x0000000715400000, 0x0000000715500000|  0%| F|  |TAMS 0x0000000715400000, 0x0000000715400000| Untracked 
| 177|0x0000000715500000, 0x0000000715500000, 0x0000000715600000|  0%| F|  |TAMS 0x0000000715500000, 0x0000000715500000| Untracked 
| 178|0x0000000715600000, 0x0000000715600000, 0x0000000715700000|  0%| F|  |TAMS 0x0000000715600000, 0x0000000715600000| Untracked 
| 179|0x0000000715700000, 0x0000000715700000, 0x0000000715800000|  0%| F|  |TAMS 0x0000000715700000, 0x0000000715700000| Untracked 
| 180|0x0000000715800000, 0x0000000715800000, 0x0000000715900000|  0%| F|  |TAMS 0x0000000715800000, 0x0000000715800000| Untracked 
| 181|0x0000000715900000, 0x0000000715900000, 0x0000000715a00000|  0%| F|  |TAMS 0x0000000715900000, 0x0000000715900000| Untracked 
| 182|0x0000000715a00000, 0x0000000715a00000, 0x0000000715b00000|  0%| F|  |TAMS 0x0000000715a00000, 0x0000000715a00000| Untracked 
| 183|0x0000000715b00000, 0x0000000715b00000, 0x0000000715c00000|  0%| F|  |TAMS 0x0000000715b00000, 0x0000000715b00000| Untracked 
| 184|0x0000000715c00000, 0x0000000715c00000, 0x0000000715d00000|  0%| F|  |TAMS 0x0000000715c00000, 0x0000000715c00000| Untracked 
| 185|0x0000000715d00000, 0x0000000715d00000, 0x0000000715e00000|  0%| F|  |TAMS 0x0000000715d00000, 0x0000000715d00000| Untracked 
| 186|0x0000000715e00000, 0x0000000715e00000, 0x0000000715f00000|  0%| F|  |TAMS 0x0000000715e00000, 0x0000000715e00000| Untracked 
| 187|0x0000000715f00000, 0x0000000715f00000, 0x0000000716000000|  0%| F|  |TAMS 0x0000000715f00000, 0x0000000715f00000| Untracked 
| 188|0x0000000716000000, 0x0000000716000000, 0x0000000716100000|  0%| F|  |TAMS 0x0000000716000000, 0x0000000716000000| Untracked 
| 189|0x0000000716100000, 0x0000000716100000, 0x0000000716200000|  0%| F|  |TAMS 0x0000000716100000, 0x0000000716100000| Untracked 
| 190|0x0000000716200000, 0x0000000716200000, 0x0000000716300000|  0%| F|  |TAMS 0x0000000716200000, 0x0000000716200000| Untracked 
| 191|0x0000000716300000, 0x0000000716300000, 0x0000000716400000|  0%| F|  |TAMS 0x0000000716300000, 0x0000000716300000| Untracked 
| 192|0x0000000716400000, 0x0000000716400000, 0x0000000716500000|  0%| F|  |TAMS 0x0000000716400000, 0x0000000716400000| Untracked 
| 193|0x0000000716500000, 0x0000000716500000, 0x0000000716600000|  0%| F|  |TAMS 0x0000000716500000, 0x0000000716500000| Untracked 
| 194|0x0000000716600000, 0x0000000716600000, 0x0000000716700000|  0%| F|  |TAMS 0x0000000716600000, 0x0000000716600000| Untracked 
| 195|0x0000000716700000, 0x0000000716700000, 0x0000000716800000|  0%| F|  |TAMS 0x0000000716700000, 0x0000000716700000| Untracked 
| 196|0x0000000716800000, 0x0000000716800000, 0x0000000716900000|  0%| F|  |TAMS 0x0000000716800000, 0x0000000716800000| Untracked 
| 197|0x0000000716900000, 0x0000000716982010, 0x0000000716a00000| 50%| E|  |TAMS 0x0000000716900000, 0x0000000716900000| Complete 
| 198|0x0000000716a00000, 0x0000000716b00000, 0x0000000716b00000|100%| E|CS|TAMS 0x0000000716a00000, 0x0000000716a00000| Complete 
| 199|0x0000000716b00000, 0x0000000716b6cec8, 0x0000000716c00000| 42%| S|CS|TAMS 0x0000000716b00000, 0x0000000716b00000| Complete 
| 200|0x0000000716c00000, 0x0000000716d00000, 0x0000000716d00000|100%| S|CS|TAMS 0x0000000716c00000, 0x0000000716c00000| Complete 
| 201|0x0000000716d00000, 0x0000000716e00000, 0x0000000716e00000|100%| S|CS|TAMS 0x0000000716d00000, 0x0000000716d00000| Complete 
| 202|0x0000000716e00000, 0x0000000716f00000, 0x0000000716f00000|100%| S|CS|TAMS 0x0000000716e00000, 0x0000000716e00000| Complete 
| 203|0x0000000716f00000, 0x0000000717000000, 0x0000000717000000|100%| S|CS|TAMS 0x0000000716f00000, 0x0000000716f00000| Complete 
| 204|0x0000000717000000, 0x0000000717100000, 0x0000000717100000|100%| S|CS|TAMS 0x0000000717000000, 0x0000000717000000| Complete 
| 205|0x0000000717100000, 0x0000000717200000, 0x0000000717200000|100%| S|CS|TAMS 0x0000000717100000, 0x0000000717100000| Complete 
| 206|0x0000000717200000, 0x0000000717300000, 0x0000000717300000|100%| E|CS|TAMS 0x0000000717200000, 0x0000000717200000| Complete 
| 207|0x0000000717300000, 0x0000000717400000, 0x0000000717400000|100%| E|CS|TAMS 0x0000000717300000, 0x0000000717300000| Complete 
| 208|0x0000000717400000, 0x0000000717500000, 0x0000000717500000|100%| E|CS|TAMS 0x0000000717400000, 0x0000000717400000| Complete 
| 209|0x0000000717500000, 0x0000000717600000, 0x0000000717600000|100%| E|CS|TAMS 0x0000000717500000, 0x0000000717500000| Complete 
| 210|0x0000000717600000, 0x0000000717700000, 0x0000000717700000|100%| E|CS|TAMS 0x0000000717600000, 0x0000000717600000| Complete 
| 211|0x0000000717700000, 0x0000000717800000, 0x0000000717800000|100%| E|CS|TAMS 0x0000000717700000, 0x0000000717700000| Complete 
| 212|0x0000000717800000, 0x0000000717900000, 0x0000000717900000|100%| E|CS|TAMS 0x0000000717800000, 0x0000000717800000| Complete 
| 213|0x0000000717900000, 0x0000000717a00000, 0x0000000717a00000|100%| E|CS|TAMS 0x0000000717900000, 0x0000000717900000| Complete 
| 214|0x0000000717a00000, 0x0000000717b00000, 0x0000000717b00000|100%| E|CS|TAMS 0x0000000717a00000, 0x0000000717a00000| Complete 
| 215|0x0000000717b00000, 0x0000000717c00000, 0x0000000717c00000|100%| E|CS|TAMS 0x0000000717b00000, 0x0000000717b00000| Complete 
| 216|0x0000000717c00000, 0x0000000717d00000, 0x0000000717d00000|100%| E|CS|TAMS 0x0000000717c00000, 0x0000000717c00000| Complete 
| 217|0x0000000717d00000, 0x0000000717e00000, 0x0000000717e00000|100%| E|CS|TAMS 0x0000000717d00000, 0x0000000717d00000| Complete 
| 218|0x0000000717e00000, 0x0000000717f00000, 0x0000000717f00000|100%| E|CS|TAMS 0x0000000717e00000, 0x0000000717e00000| Complete 
| 219|0x0000000717f00000, 0x0000000718000000, 0x0000000718000000|100%| E|CS|TAMS 0x0000000717f00000, 0x0000000717f00000| Complete 
| 220|0x0000000718000000, 0x0000000718100000, 0x0000000718100000|100%| E|CS|TAMS 0x0000000718000000, 0x0000000718000000| Complete 
| 221|0x0000000718100000, 0x0000000718200000, 0x0000000718200000|100%| E|CS|TAMS 0x0000000718100000, 0x0000000718100000| Complete 
| 222|0x0000000718200000, 0x0000000718300000, 0x0000000718300000|100%| E|CS|TAMS 0x0000000718200000, 0x0000000718200000| Complete 
| 223|0x0000000718300000, 0x0000000718400000, 0x0000000718400000|100%| E|CS|TAMS 0x0000000718300000, 0x0000000718300000| Complete 
| 224|0x0000000718400000, 0x0000000718500000, 0x0000000718500000|100%| E|CS|TAMS 0x0000000718400000, 0x0000000718400000| Complete 
| 225|0x0000000718500000, 0x0000000718600000, 0x0000000718600000|100%| E|CS|TAMS 0x0000000718500000, 0x0000000718500000| Complete 
| 226|0x0000000718600000, 0x0000000718700000, 0x0000000718700000|100%| E|CS|TAMS 0x0000000718600000, 0x0000000718600000| Complete 
| 227|0x0000000718700000, 0x0000000718800000, 0x0000000718800000|100%| E|CS|TAMS 0x0000000718700000, 0x0000000718700000| Complete 
| 228|0x0000000718800000, 0x0000000718900000, 0x0000000718900000|100%| E|CS|TAMS 0x0000000718800000, 0x0000000718800000| Complete 
| 229|0x0000000718900000, 0x0000000718a00000, 0x0000000718a00000|100%| E|CS|TAMS 0x0000000718900000, 0x0000000718900000| Complete 
| 230|0x0000000718a00000, 0x0000000718b00000, 0x0000000718b00000|100%| E|CS|TAMS 0x0000000718a00000, 0x0000000718a00000| Complete 
| 231|0x0000000718b00000, 0x0000000718c00000, 0x0000000718c00000|100%| E|CS|TAMS 0x0000000718b00000, 0x0000000718b00000| Complete 
| 232|0x0000000718c00000, 0x0000000718d00000, 0x0000000718d00000|100%| E|CS|TAMS 0x0000000718c00000, 0x0000000718c00000| Complete 
| 233|0x0000000718d00000, 0x0000000718e00000, 0x0000000718e00000|100%| E|CS|TAMS 0x0000000718d00000, 0x0000000718d00000| Complete 
| 234|0x0000000718e00000, 0x0000000718f00000, 0x0000000718f00000|100%| E|CS|TAMS 0x0000000718e00000, 0x0000000718e00000| Complete 
| 235|0x0000000718f00000, 0x0000000719000000, 0x0000000719000000|100%| E|CS|TAMS 0x0000000718f00000, 0x0000000718f00000| Complete 
| 236|0x0000000719000000, 0x0000000719100000, 0x0000000719100000|100%| E|CS|TAMS 0x0000000719000000, 0x0000000719000000| Complete 
| 237|0x0000000719100000, 0x0000000719200000, 0x0000000719200000|100%| E|CS|TAMS 0x0000000719100000, 0x0000000719100000| Complete 
| 238|0x0000000719200000, 0x0000000719300000, 0x0000000719300000|100%| E|CS|TAMS 0x0000000719200000, 0x0000000719200000| Complete 
| 239|0x0000000719300000, 0x0000000719400000, 0x0000000719400000|100%| E|CS|TAMS 0x0000000719300000, 0x0000000719300000| Complete 
| 240|0x0000000719400000, 0x0000000719500000, 0x0000000719500000|100%| E|CS|TAMS 0x0000000719400000, 0x0000000719400000| Complete 
| 241|0x0000000719500000, 0x0000000719600000, 0x0000000719600000|100%| E|CS|TAMS 0x0000000719500000, 0x0000000719500000| Complete 
| 242|0x0000000719600000, 0x0000000719700000, 0x0000000719700000|100%| E|CS|TAMS 0x0000000719600000, 0x0000000719600000| Complete 
| 243|0x0000000719700000, 0x0000000719800000, 0x0000000719800000|100%| E|CS|TAMS 0x0000000719700000, 0x0000000719700000| Complete 
| 244|0x0000000719800000, 0x0000000719900000, 0x0000000719900000|100%| E|CS|TAMS 0x0000000719800000, 0x0000000719800000| Complete 
| 245|0x0000000719900000, 0x0000000719a00000, 0x0000000719a00000|100%| E|CS|TAMS 0x0000000719900000, 0x0000000719900000| Complete 

Card table byte_map: [0x000001dd1bf20000,0x000001dd1c6d0000] _byte_map_base: 0x000001dd186ce000

Marking Bits (Prev, Next): (CMBitMap*) 0x000001dd0650bd50, (CMBitMap*) 0x000001dd0650bd18
 Prev Bits: [0x000001dd20bf0000, 0x000001dd24960000)
 Next Bits: [0x000001dd1ce80000, 0x000001dd20bf0000)

Polling page: 0x000001dd06590000

Metaspace:

Usage:
  Non-class:     25.34 MB capacity,    25.16 MB (>99%) used,   147.42 KB ( <1%) free+waste,    41.19 KB ( <1%) overhead. 
      Class:      3.24 MB capacity,     3.10 MB ( 96%) used,   126.88 KB (  4%) free+waste,    18.13 KB ( <1%) overhead. 
       Both:     28.58 MB capacity,    28.26 MB ( 99%) used,   274.30 KB ( <1%) free+waste,    59.31 KB ( <1%) overhead. 

Virtual space:
  Non-class space:       26.00 MB reserved,      25.50 MB ( 98%) committed 
      Class space:        1.00 GB reserved,       3.25 MB ( <1%) committed 
             Both:        1.03 GB reserved,      28.75 MB (  3%) committed 

Chunk freelists:
   Non-Class:  32.00 KB
       Class:  12.00 KB
        Both:  44.00 KB

MaxMetaspaceSize: 17179869184.00 GB
CompressedClassSpaceSize: 1.00 GB

CodeHeap 'non-profiled nmethods': size=119168Kb used=761Kb max_used=761Kb free=118406Kb
 bounds [0x000001dd13360000, 0x000001dd135d0000, 0x000001dd1a7c0000]
CodeHeap 'profiled nmethods': size=119168Kb used=5303Kb max_used=5303Kb free=113864Kb
 bounds [0x000001dd0bf00000, 0x000001dd0c430000, 0x000001dd13360000]
CodeHeap 'non-nmethods': size=7424Kb used=2832Kb max_used=2855Kb free=4591Kb
 bounds [0x000001dd0b7c0000, 0x000001dd0ba90000, 0x000001dd0bf00000]
 total_blobs=2940 nmethods=2476 adapters=372
 compilation: enabled
              stopped_count=0, restarted_count=0
 full_count=0

Compilation events (20 events):
Event: 2.387 Thread 0x000001dd28340800 2477       3       org.jetbrains.kotlin.metadata.ProtoBuf$StringTable::getString (14 bytes)
Event: 2.387 Thread 0x000001dd2899c800 2478       3       org.jetbrains.kotlin.protobuf.UnmodifiableLazyStringList::get (6 bytes)
Event: 2.387 Thread 0x000001dd28340800 nmethod 2477 0x000001dd0c41c010 code [0x000001dd0c41c1e0, 0x000001dd0c41c4a8]
Event: 2.387 Thread 0x000001dd28340800 2479       3       org.jetbrains.kotlin.protobuf.UnmodifiableLazyStringList::get (14 bytes)
Event: 2.387 Thread 0x000001dd2899c800 nmethod 2478 0x000001dd0c41c590 code [0x000001dd0c41c760, 0x000001dd0c41ca88]
Event: 2.387 Thread 0x000001dd28340800 nmethod 2479 0x000001dd0c41cb90 code [0x000001dd0c41cd60, 0x000001dd0c41d028]
Event: 2.387 Thread 0x000001dd28340800 2481       3       org.jetbrains.kotlin.protobuf.LazyStringArrayList::get (101 bytes)
Event: 2.387 Thread 0x000001dd2899c800 2480       3       org.jetbrains.kotlin.protobuf.LazyStringArrayList::get (6 bytes)
Event: 2.387 Thread 0x000001dd2899c800 nmethod 2480 0x000001dd0c41d110 code [0x000001dd0c41d2c0, 0x000001dd0c41d408]
Event: 2.387 Thread 0x000001dd2899c800 2482       1       org.jetbrains.kotlin.protobuf.LiteralByteString::getOffsetIntoBytes (2 bytes)
Event: 2.387 Thread 0x000001dd2899c800 nmethod 2482 0x000001dd1341e190 code [0x000001dd1341e340, 0x000001dd1341e3f8]
Event: 2.387 Thread 0x000001dd283b9800 nmethod 2475 0x000001dd0c41d490 code [0x000001dd0c41d720, 0x000001dd0c41e408]
Event: 2.388 Thread 0x000001dd28340800 nmethod 2481 0x000001dd0c41e790 code [0x000001dd0c41ea00, 0x000001dd0c41f778]
Event: 2.388 Thread 0x000001dd2899c800 2483       3       java.util.ImmutableCollections$List12::get (32 bytes)
Event: 2.388 Thread 0x000001dd2899c800 nmethod 2483 0x000001dd0c41fa90 code [0x000001dd0c41fc60, 0x000001dd0c41fee8]
Event: 2.388 Thread 0x000001dd283b9800 2484       3       org.jetbrains.kotlin.protobuf.CodedInputStream::getBytesUntilLimit (29 bytes)
Event: 2.388 Thread 0x000001dd283b9800 nmethod 2484 0x000001dd0c41ff90 code [0x000001dd0c420140, 0x000001dd0c420298]
Event: 2.390 Thread 0x000001dd28990800 nmethod 2469 0x000001dd0c420310 code [0x000001dd0c420bc0, 0x000001dd0c427218]
Event: 2.390 Thread 0x000001dd28340800 2485       3       org.jetbrains.kotlin.protobuf.SmallSortedMap::binarySearchInArray (133 bytes)
Event: 2.391 Thread 0x000001dd28340800 nmethod 2485 0x000001dd0c429590 code [0x000001dd0c4297e0, 0x000001dd0c42a208]

GC Heap History (4 events):
Event: 0.531 GC heap before
{Heap before GC invocations=0 (full 0):
 garbage-first heap   total 251904K, used 27648K [0x000000070a400000, 0x0000000800000000)
  region size 1024K, 24 young (24576K), 0 survivors (0K)
 Metaspace       used 12247K, capacity 12430K, committed 12544K, reserved 1060864K
  class space    used 1130K, capacity 1184K, committed 1280K, reserved 1048576K
}
Event: 0.534 GC heap after
{Heap after GC invocations=1 (full 0):
 garbage-first heap   total 251904K, used 5931K [0x000000070a400000, 0x0000000800000000)
  region size 1024K, 3 young (3072K), 3 survivors (3072K)
 Metaspace       used 12247K, capacity 12430K, committed 12544K, reserved 1060864K
  class space    used 1130K, capacity 1184K, committed 1280K, reserved 1048576K
}
Event: 1.317 GC heap before
{Heap before GC invocations=1 (full 0):
 garbage-first heap   total 251904K, used 42795K [0x000000070a400000, 0x0000000800000000)
  region size 1024K, 40 young (40960K), 3 survivors (3072K)
 Metaspace       used 21052K, capacity 21217K, committed 21248K, reserved 1069056K
  class space    used 2199K, capacity 2282K, committed 2304K, reserved 1048576K
}
Event: 1.324 GC heap after
{Heap after GC invocations=2 (full 0):
 garbage-first heap   total 251904K, used 9651K [0x000000070a400000, 0x0000000800000000)
  region size 1024K, 7 young (7168K), 7 survivors (7168K)
 Metaspace       used 21052K, capacity 21217K, committed 21248K, reserved 1069056K
  class space    used 2199K, capacity 2282K, committed 2304K, reserved 1048576K
}

Deoptimization events (20 events):
Event: 2.171 Thread 0x000001dd064ab000 Uncommon trap: trap_request=0xffffffde fr.pc=0x000001dd1340648c relative=0x000000000000006c
Event: 2.171 Thread 0x000001dd064ab000 Uncommon trap: reason=class_check action=maybe_recompile pc=0x000001dd1340648c method=gnu.trove.TObjectHash.equals(Ljava/lang/Object;Ljava/lang/Object;)Z @ 6 c2
Event: 2.171 Thread 0x000001dd064ab000 DEOPT PACKING pc=0x000001dd1340648c sp=0x0000000bbeafe1a0
Event: 2.171 Thread 0x000001dd064ab000 DEOPT UNPACKING pc=0x000001dd0b7e68af sp=0x0000000bbeafe120 mode 2
Event: 2.171 Thread 0x000001dd064ab000 Uncommon trap: trap_request=0xffffffde fr.pc=0x000001dd1340648c relative=0x000000000000006c
Event: 2.171 Thread 0x000001dd064ab000 Uncommon trap: reason=class_check action=maybe_recompile pc=0x000001dd1340648c method=gnu.trove.TObjectHash.equals(Ljava/lang/Object;Ljava/lang/Object;)Z @ 6 c2
Event: 2.171 Thread 0x000001dd064ab000 DEOPT PACKING pc=0x000001dd1340648c sp=0x0000000bbeafe1a0
Event: 2.171 Thread 0x000001dd064ab000 DEOPT UNPACKING pc=0x000001dd0b7e68af sp=0x0000000bbeafe120 mode 2
Event: 2.171 Thread 0x000001dd064ab000 Uncommon trap: trap_request=0xffffffde fr.pc=0x000001dd1340648c relative=0x000000000000006c
Event: 2.171 Thread 0x000001dd064ab000 Uncommon trap: reason=class_check action=maybe_recompile pc=0x000001dd1340648c method=gnu.trove.TObjectHash.equals(Ljava/lang/Object;Ljava/lang/Object;)Z @ 6 c2
Event: 2.171 Thread 0x000001dd064ab000 DEOPT PACKING pc=0x000001dd1340648c sp=0x0000000bbeafe1a0
Event: 2.171 Thread 0x000001dd064ab000 DEOPT UNPACKING pc=0x000001dd0b7e68af sp=0x0000000bbeafe120 mode 2
Event: 2.171 Thread 0x000001dd064ab000 Uncommon trap: trap_request=0xffffffde fr.pc=0x000001dd1340648c relative=0x000000000000006c
Event: 2.171 Thread 0x000001dd064ab000 Uncommon trap: reason=class_check action=maybe_recompile pc=0x000001dd1340648c method=gnu.trove.TObjectHash.equals(Ljava/lang/Object;Ljava/lang/Object;)Z @ 6 c2
Event: 2.171 Thread 0x000001dd064ab000 DEOPT PACKING pc=0x000001dd1340648c sp=0x0000000bbeafe1a0
Event: 2.171 Thread 0x000001dd064ab000 DEOPT UNPACKING pc=0x000001dd0b7e68af sp=0x0000000bbeafe120 mode 2
Event: 2.245 Thread 0x000001dd064ab000 Uncommon trap: trap_request=0xffffffc6 fr.pc=0x000001dd133e6c18 relative=0x0000000000000078
Event: 2.245 Thread 0x000001dd064ab000 Uncommon trap: reason=bimorphic_or_optimized_type_check action=maybe_recompile pc=0x000001dd133e6c18 method=java.util.Collections$UnmodifiableCollection.size()I @ 4 c2
Event: 2.245 Thread 0x000001dd064ab000 DEOPT PACKING pc=0x000001dd133e6c18 sp=0x0000000bbeafc8d0
Event: 2.245 Thread 0x000001dd064ab000 DEOPT UNPACKING pc=0x000001dd0b7e68af sp=0x0000000bbeafc858 mode 2

Classes redefined (0 events):
No events

Internal exceptions (15 events):
Event: 0.201 Thread 0x000001dd064ab000 Exception <a 'java/lang/NoSuchMethodError'{0x000000071952a560}: 'int java.lang.invoke.DirectMethodHandle$Holder.invokeSpecialIFC(java.lang.Object, java.lang.Object, int)'> (0x000000071952a560) thrown at [./src/hotspot/share/interpreter/linkResolver.cpp, line 773]
Event: 1.104 Thread 0x000001dd064ab000 Exception <a 'java/lang/NoSuchMethodError'{0x0000000717a1b470}: 'int java.lang.invoke.DirectMethodHandle$Holder.invokeStaticInit(java.lang.Object, java.lang.Object, java.lang.Object)'> (0x0000000717a1b470) thrown at [./src/hotspot/share/interpreter/linkResolver.cpp, line 773]
Event: 1.109 Thread 0x000001dd064ab000 Exception <a 'java/lang/NoSuchMethodError'{0x0000000717a55e00}: 'java.lang.Object java.lang.invoke.DirectMethodHandle$Holder.invokeStaticInit(java.lang.Object, int)'> (0x0000000717a55e00) thrown at [./src/hotspot/share/interpreter/linkResolver.cpp, line 773]
Event: 1.134 Thread 0x000001dd064ab000 Exception <a 'java/lang/NoSuchMethodError'{0x00000007179cdb10}: 'long java.lang.invoke.DirectMethodHandle$Holder.invokeStatic(java.lang.Object)'> (0x00000007179cdb10) thrown at [./src/hotspot/share/interpreter/linkResolver.cpp, line 773]
Event: 1.134 Thread 0x000001dd064ab000 Exception <a 'java/lang/NoSuchMethodError'{0x00000007179d0968}: 'long java.lang.invoke.DirectMethodHandle$Holder.invokeStaticInit(java.lang.Object)'> (0x00000007179d0968) thrown at [./src/hotspot/share/interpreter/linkResolver.cpp, line 773]
Event: 1.213 Thread 0x000001dd064ab000 Exception <a 'java/lang/NoSuchMethodError'{0x0000000717593fd8}: 'int java.lang.invoke.DirectMethodHandle$Holder.invokeStaticInit(java.lang.Object, java.lang.Object)'> (0x0000000717593fd8) thrown at [./src/hotspot/share/interpreter/linkResolver.cpp, line 773]
Event: 1.347 Thread 0x000001dd064ab000 Exception <a 'java/lang/NoSuchMethodError'{0x000000071995f4b0}: 'java.lang.Object java.lang.invoke.DirectMethodHandle$Holder.invokeStatic(java.lang.Object, java.lang.Object, java.lang.Object, java.lang.Object, java.lang.Object, java.lang.Object, java.lang.Object, java.lang.Object, java.lang.Object, java.lang.Object, java.lang.Object, java.lang.Object, java.lang.Object, java.lang.Object, java.lang.Object)'> (0x000000071995f4b0) thrown at [./src/hotspot/share/interpreter/linkResolver.cpp, line 773]
Event: 1.349 Thread 0x000001dd064ab000 Exception <a 'java/lang/NoSuchMethodError'{0x000000071996d4f0}: 'java.lang.Object java.lang.invoke.DirectMethodHandle$Holder.invokeStatic(java.lang.Object, java.lang.Object, java.lang.Object, java.lang.Object, java.lang.Object, java.lang.Object, java.lang.Object, java.lang.Object, java.lang.Object, java.lang.Object, java.lang.Object, java.lang.Object, java.lang.Object, java.lang.Object, java.lang.Object, java.lang.Object)'> (0x000000071996d4f0) thrown at [./src/hotspot/share/interpreter/linkResolver.cpp, l
Event: 1.351 Thread 0x000001dd064ab000 Exception <a 'java/lang/NoSuchMethodError'{0x000000071997cc38}: 'java.lang.Object java.lang.invoke.DirectMethodHandle$Holder.invokeSpecial(java.lang.Object, java.lang.Object, int, int, java.lang.Object, java.lang.Object, java.lang.Object)'> (0x000000071997cc38) thrown at [./src/hotspot/share/interpreter/linkResolver.cpp, line 773]
Event: 1.351 Thread 0x000001dd064ab000 Exception <a 'java/lang/NoSuchMethodError'{0x0000000719700ab0}: 'java.lang.Object java.lang.invoke.DelegatingMethodHandle$Holder.reinvoke_L(java.lang.Object, int, int, java.lang.Object, java.lang.Object, java.lang.Object)'> (0x0000000719700ab0) thrown at [./src/hotspot/share/interpreter/linkResolver.cpp, line 773]
Event: 1.352 Thread 0x000001dd064ab000 Exception <a 'java/lang/NoSuchMethodError'{0x0000000719704f30}: 'java.lang.Object java.lang.invoke.DirectMethodHandle$Holder.invokeStatic(java.lang.Object, java.lang.Object, java.lang.Object, java.lang.Object, int)'> (0x0000000719704f30) thrown at [./src/hotspot/share/interpreter/linkResolver.cpp, line 773]
Event: 1.448 Thread 0x000001dd064ab000 Exception <a 'java/lang/NoSuchMethodError'{0x000000071945f078}: 'void java.lang.invoke.DirectMethodHandle$Holder.invokeSpecial(java.lang.Object, java.lang.Object)'> (0x000000071945f078) thrown at [./src/hotspot/share/interpreter/linkResolver.cpp, line 773]
Event: 1.504 Thread 0x000001dd064ab000 Exception <a 'java/lang/NoSuchMethodError'{0x00000007192e25a0}: 'void java.lang.invoke.DirectMethodHandle$Holder.invokeStaticInit(java.lang.Object, java.lang.Object)'> (0x00000007192e25a0) thrown at [./src/hotspot/share/interpreter/linkResolver.cpp, line 773]
Event: 1.514 Thread 0x000001dd064ab000 Exception <a 'java/lang/NoSuchMethodError'{0x000000071911fe80}: 'void java.lang.invoke.DirectMethodHandle$Holder.invokeInterface(java.lang.Object, java.lang.Object)'> (0x000000071911fe80) thrown at [./src/hotspot/share/interpreter/linkResolver.cpp, line 773]
Event: 1.641 Thread 0x000001dd064ab000 Exception <a 'java/lang/NoSuchMethodError'{0x0000000718d1b548}: 'int java.lang.invoke.DirectMethodHandle$Holder.invokeVirtual(java.lang.Object, java.lang.Object)'> (0x0000000718d1b548) thrown at [./src/hotspot/share/interpreter/linkResolver.cpp, line 773]

Events (20 events):
Event: 2.364 loading class org/jetbrains/kotlin/metadata/ProtoBuf$Type$Argument$Projection$1
Event: 2.364 loading class org/jetbrains/kotlin/metadata/ProtoBuf$Type$Argument$Projection$1 done
Event: 2.365 loading class org/jetbrains/kotlin/metadata/ProtoBuf$Annotation$Argument$Value$Builder
Event: 2.365 loading class org/jetbrains/kotlin/metadata/ProtoBuf$Annotation$Argument$Value$Builder done
Event: 2.378 loading class org/jetbrains/kotlin/metadata/deserialization/NameResolverImpl
Event: 2.378 loading class org/jetbrains/kotlin/metadata/deserialization/NameResolverImpl done
Event: 2.378 loading class org/jetbrains/kotlin/metadata/deserialization/NameResolver
Event: 2.378 loading class org/jetbrains/kotlin/metadata/deserialization/NameResolver done
Event: 2.379 loading class org/jetbrains/kotlin/serialization/deserialization/ProtoBasedClassDataFinder
Event: 2.379 loading class org/jetbrains/kotlin/serialization/deserialization/ProtoBasedClassDataFinder done
Event: 2.380 loading class org/jetbrains/kotlin/serialization/deserialization/ClassDataFinder
Event: 2.380 loading class org/jetbrains/kotlin/serialization/deserialization/ClassDataFinder done
Event: 2.381 loading class org/jetbrains/kotlin/serialization/deserialization/DeserializedPackageFragmentImpl$classDataFinder$1
Event: 2.381 loading class org/jetbrains/kotlin/serialization/deserialization/DeserializedPackageFragmentImpl$classDataFinder$1 done
Event: 2.381 loading class org/jetbrains/kotlin/serialization/deserialization/NameResolverUtilKt
Event: 2.381 loading class org/jetbrains/kotlin/serialization/deserialization/NameResolverUtilKt done
Event: 2.382 loading class org/jetbrains/kotlin/protobuf/Utf8
Event: 2.382 loading class org/jetbrains/kotlin/protobuf/Utf8 done
Event: 2.382 loading class org/jetbrains/kotlin/metadata/deserialization/NameResolverImpl$WhenMappings
Event: 2.382 loading class org/jetbrains/kotlin/metadata/deserialization/NameResolverImpl$WhenMappings done


Dynamic libraries:
0x00007ff7d4dd0000 - 0x00007ff7d4dda000 	D:\AndroidStudio\jre\bin\java.exe
0x00007ffcaa350000 - 0x00007ffcaa545000 	C:\Windows\SYSTEM32\ntdll.dll
0x00007ffcaa240000 - 0x00007ffcaa2fd000 	C:\Windows\System32\KERNEL32.DLL
0x00007ffca7e00000 - 0x00007ffca80cd000 	C:\Windows\System32\KERNELBASE.dll
0x00007ffca80d0000 - 0x00007ffca81d0000 	C:\Windows\System32\ucrtbase.dll
0x00007ffc84fe0000 - 0x00007ffc84ff9000 	D:\AndroidStudio\jre\bin\jli.dll
0x00007ffc853e0000 - 0x00007ffc853f7000 	D:\AndroidStudio\jre\bin\VCRUNTIME140.dll
0x00007ffca9af0000 - 0x00007ffca9c90000 	C:\Windows\System32\USER32.dll
0x00007ffca81d0000 - 0x00007ffca81f2000 	C:\Windows\System32\win32u.dll
0x00007ffc95190000 - 0x00007ffc9542a000 	C:\Windows\WinSxS\amd64_microsoft.windows.common-controls_6595b64144ccf1df_6.0.19041.1110_none_60b5254171f9507e\COMCTL32.dll
0x00007ffca9c90000 - 0x00007ffca9cba000 	C:\Windows\System32\GDI32.dll
0x00007ffca9120000 - 0x00007ffca91be000 	C:\Windows\System32\msvcrt.dll
0x00007ffca8200000 - 0x00007ffca830b000 	C:\Windows\System32\gdi32full.dll
0x00007ffca7d60000 - 0x00007ffca7dfd000 	C:\Windows\System32\msvcp_win.dll
0x00007ffca9220000 - 0x00007ffca9250000 	C:\Windows\System32\IMM32.DLL
0x00007ffc6f220000 - 0x00007ffc6f2bd000 	D:\AndroidStudio\jre\bin\msvcp140.dll
0x00007ffc06000000 - 0x00007ffc06ad5000 	D:\AndroidStudio\jre\bin\server\jvm.dll
0x00007ffca8ea0000 - 0x00007ffca8f4e000 	C:\Windows\System32\ADVAPI32.dll
0x00007ffcaa1a0000 - 0x00007ffcaa23c000 	C:\Windows\System32\sechost.dll
0x00007ffca8f50000 - 0x00007ffca9075000 	C:\Windows\System32\RPCRT4.dll
0x00007ffcaa300000 - 0x00007ffcaa308000 	C:\Windows\System32\PSAPI.DLL
0x00007ffc7fe70000 - 0x00007ffc7fe79000 	C:\Windows\SYSTEM32\WSOCK32.dll
0x00007ffca5970000 - 0x00007ffca5997000 	C:\Windows\SYSTEM32\WINMM.dll
0x00007ffca0990000 - 0x00007ffca099a000 	C:\Windows\SYSTEM32\VERSION.dll
0x00007ffca90b0000 - 0x00007ffca911b000 	C:\Windows\System32\WS2_32.dll
0x00007ffca62f0000 - 0x00007ffca6302000 	C:\Windows\SYSTEM32\kernel.appcore.dll
0x00007ffc99490000 - 0x00007ffc994a1000 	D:\AndroidStudio\jre\bin\verify.dll
0x00007ffca54c0000 - 0x00007ffca56a4000 	C:\Windows\SYSTEM32\DBGHELP.DLL
0x00007ffc96e40000 - 0x00007ffc96e6c000 	C:\Windows\SYSTEM32\dbgcore.DLL
0x00007ffca8310000 - 0x00007ffca8392000 	C:\Windows\System32\bcryptPrimitives.dll
0x00007ffc88980000 - 0x00007ffc889a9000 	D:\AndroidStudio\jre\bin\java.dll
0x00007ffca04a0000 - 0x00007ffca04ab000 	D:\AndroidStudio\jre\bin\jimage.dll
0x00007ffc98c70000 - 0x00007ffc98c88000 	D:\AndroidStudio\jre\bin\zip.dll
0x00007ffca9250000 - 0x00007ffca9994000 	C:\Windows\System32\SHELL32.dll
0x00007ffca5b40000 - 0x00007ffca62d4000 	C:\Windows\SYSTEM32\windows.storage.dll
0x00007ffca9cc0000 - 0x00007ffcaa014000 	C:\Windows\System32\combase.dll
0x00007ffca74c0000 - 0x00007ffca74ec000 	C:\Windows\SYSTEM32\Wldp.dll
0x00007ffca99a0000 - 0x00007ffca9a4d000 	C:\Windows\System32\SHCORE.dll
0x00007ffca89c0000 - 0x00007ffca8a15000 	C:\Windows\System32\shlwapi.dll
0x00007ffca79a0000 - 0x00007ffca79bf000 	C:\Windows\SYSTEM32\profapi.dll
0x00007ffc88960000 - 0x00007ffc8897a000 	D:\AndroidStudio\jre\bin\net.dll
0x00007ffca2b00000 - 0x00007ffca2c0a000 	C:\Windows\SYSTEM32\WINHTTP.dll
0x00007ffca71b0000 - 0x00007ffca721a000 	C:\Windows\system32\mswsock.dll
0x00007ffc88680000 - 0x00007ffc88694000 	D:\AndroidStudio\jre\bin\nio.dll

dbghelp: loaded successfully - version: 4.0.5 - missing functions: none
symbol engine: initialized successfully - sym options: 0x614 - pdb path: .;D:\AndroidStudio\jre\bin;C:\Windows\SYSTEM32;C:\Windows\WinSxS\amd64_microsoft.windows.common-controls_6595b64144ccf1df_6.0.19041.1110_none_60b5254171f9507e;D:\AndroidStudio\jre\bin\server

VM Arguments:
java_command: org.jetbrains.kotlin.cli.jvm.K2JVMCompiler @D:\c\work space\react\WanmuApp\node_modules\react-native-screens\android\build\20220612_4922375750528889365.compiler.options
java_class_path (initial): C:\Users\Zord\.gradle\caches\modules-2\files-2.1\org.jetbrains.kotlin\kotlin-compiler-embeddable\1.4.10\38c4b99d5d5362debdd9302a866730379aa2328a\kotlin-compiler-embeddable-1.4.10.jar;C:\Users\Zord\.gradle\caches\modules-2\files-2.1\org.jetbrains.kotlin\kotlin-reflect\1.4.10\e2b3c6695eee6085e606d96d685396dce23a3a06\kotlin-reflect-1.4.10.jar;C:\Users\Zord\.gradle\caches\modules-2\files-2.1\org.jetbrains.kotlin\kotlin-stdlib\1.4.10\ea29e063d2bbe695be13e9d044dcfb0c7add398e\kotlin-stdlib-1.4.10.jar;C:\Users\Zord\.gradle\caches\modules-2\files-2.1\org.jetbrains.kotlin\kotlin-script-runtime\1.4.10\7c19d9c2001e016cd7664cebe9eea66fc04a7f4f\kotlin-script-runtime-1.4.10.jar;C:\Users\Zord\.gradle\caches\modules-2\files-2.1\org.jetbrains.kotlin\kotlin-daemon-embeddable\1.4.10\dbd67f42bed28043d17d7c860b06110a00a45970\kotlin-daemon-embeddable-1.4.10.jar;C:\Users\Zord\.gradle\caches\modules-2\files-2.1\org.jetbrains.intellij.deps\trove4j\1.0.20181211\216c2e14b070f334479d800987affe4054cd563f\trove4j-1.0.20181211.jar;C:\Users\Zord\.gradle\caches\modules-2\files-2.1\org.jetbrains.kotlin\kotlin-stdlib-common\1.4.10\6229be3465805c99db1142ad75e6c6ddeac0b04c\kotlin-stdlib-common-1.4.10.jar;C:\Users\Zord\.gradle\caches\modules-2\files-2.1\org.jetbrains\annotations\13.0\919f0dfe192fb4e063e7dacadee7f8bb9a2672a9\annotations-13.0.jar
Launcher Type: SUN_STANDARD

[Global flags]
     intx CICompilerCount                          = 12                                        {product} {ergonomic}
     uint ConcGCThreads                            = 3                                         {product} {ergonomic}
     uint G1ConcRefinementThreads                  = 13                                        {product} {ergonomic}
   size_t G1HeapRegionSize                         = 1048576                                   {product} {ergonomic}
    uintx GCDrainStackTargetSize                   = 64                                        {product} {ergonomic}
   size_t InitialHeapSize                          = 257949696                                 {product} {ergonomic}
   size_t MarkStackSize                            = 4194304                                   {product} {ergonomic}
   size_t MaxHeapSize                              = 4123000832                                {product} {ergonomic}
   size_t MaxNewSize                               = 2473590784                                {product} {ergonomic}
   size_t MinHeapDeltaBytes                        = 1048576                                   {product} {ergonomic}
    uintx NonNMethodCodeHeapSize                   = 7594288                                {pd product} {ergonomic}
    uintx NonProfiledCodeHeapSize                  = 122031976                              {pd product} {ergonomic}
    uintx ProfiledCodeHeapSize                     = 122031976                              {pd product} {ergonomic}
    uintx ReservedCodeCacheSize                    = 251658240                              {pd product} {ergonomic}
     bool SegmentedCodeCache                       = true                                      {product} {ergonomic}
     bool UseCompressedClassPointers               = true                                 {lp64_product} {ergonomic}
     bool UseCompressedOops                        = true                                 {lp64_product} {ergonomic}
     bool UseG1GC                                  = true                                      {product} {ergonomic}
     bool UseLargePagesIndividualAllocation        = false                                  {pd product} {ergonomic}

Logging:
Log output configuration:
 #0: stdout all=warning uptime,level,tags
 #1: stderr all=off uptime,level,tags

Environment Variables:
JAVA_HOME=D:\java\jdk11
CLASSPATH=.;D:\java\jdk11\lib;D:\java\jdk11\lib\tools.jar
PATH=C:\Program Files\Common Files\Oracle\Java\javapath;D:\java\jdk11\bin;C:\Program Files (x86)\Common Files\Oracle\Java\javapath;C:\Windows\system32;C:\Windows;C:\Windows\System32\Wbem;C:\Windows\System32\WindowsPowerShell\v1.0\;C:\Windows\System32\OpenSSH\;.;D:\java\jdk11\lib;D:\java\jdk11\lib\tools.jar;D:\node\;D:\maven\apache-maven-3.5.0\bin;D:\git\Git\cmd;;D:\wxwork\微信web开发者工具\dll;C:\Program Files\Redis\;C:\Program Files\MySQL\MySQL Shell 8.0\bin\;C:\Users\Zord\AppData\Local\Microsoft\WindowsApps;;D:\Clion\CLion 2021.2.2\bin;;D:\clion2021\PyCharm Community Edition 2021.2.2\bin;;C:\Users\Zord\AppData\Roaming\npm;D:\idea\IntelliJ IDEA 2021.3.2\bin;;D:\Microsoft VS Code\bin
USERNAME=Zord
OS=Windows_NT
PROCESSOR_IDENTIFIER=AMD64 Family 23 Model 104 Stepping 1, AuthenticAMD



---------------  S Y S T E M  ---------------

OS: Windows 10 , 64 bit Build 19041 (10.0.19041.1706)
OS uptime: 3 days 0:42 hours

CPU:total 16 (initial active 16) (16 cores per cpu, 2 threads per core) family 23 model 104 stepping 1 microcode 0x0, cmov, cx8, fxsr, mmx, sse, sse2, sse3, ssse3, sse4.1, sse4.2, popcnt, avx, avx2, aes, clmul, mmxext, 3dnowpref, lzcnt, sse4a, ht, tsc, tscinvbit, tscinv, bmi1, bmi2, adx,

Memory: 4k page, system-wide physical 15721M (505M free)
TotalPageFile size 31081M (AvailPageFile size 3M)
current process WorkingSet (physical memory assigned to process): 175M, peak: 175M
current process commit charge ("private bytes"): 417M, peak: 417M

vm_info: OpenJDK 64-Bit Server VM (11.0.11+9-b60-7590822) for windows-amd64 JRE (11.0.11+9-b60-7590822), built on Jul 29 2021 21:43:44 by "builder" with MS VC++ 14.0 (VS2015)

END.
