#
# There is insufficient memory for the Java Runtime Environment to continue.
# Native memory allocation (mmap) failed to map 257949696 bytes for Failed to commit area from 0x000000070a400000 to 0x0000000719a00000 of length 257949696.
# Possible reasons:
#   The system is out of physical RAM or swap space
#   The process is running with CompressedOops enabled, and the Java Heap may be blocking the growth of the native heap
# Possible solutions:
#   Reduce memory load on the system
#   Increase physical memory or swap space
#   Check if swap backing store is full
#   Decrease Java heap size (-Xmx/-Xms)
#   Decrease number of Java threads
#   Decrease Java thread stack sizes (-Xss)
#   Set larger code cache with -XX:ReservedCodeCacheSize=
# This output file may be truncated or incomplete.
#
#  Out of Memory Error (./open/src/hotspot/os/windows/os_windows.cpp:3287), pid=26428, tid=14496
#
# JRE version:  (11.0.15.1+2) (build )
# Java VM: Java HotSpot(TM) 64-Bit Server VM (11.0.15.1+2-LTS-10, mixed mode, sharing, tiered, compressed oops, g1 gc, windows-amd64)
# No core dump will be written. Minidumps are not enabled by default on client versions of Windows
#

---------------  S U M M A R Y ------------

Command Line: org.jetbrains.kotlin.cli.jvm.K2JVMCompiler @D:\c\work space\react\WanmuApp\node_modules\react-native-screens\android\build\20220612_9645044434515160781.compiler.options

Host: AMD Ryzen 7 5700U with Radeon Graphics         , 16 cores, 15G,  Windows 10 , 64 bit Build 19041 (10.0.19041.1706)
Time: Sun Jun 12 19:09:16 2022 中国标准时间 elapsed time: 0.013363 seconds (0d 0h 0m 0s)

---------------  T H R E A D  ---------------

Current thread (0x0000027499b1f000):  JavaThread "Unknown thread" [_thread_in_vm, id=14496, stack(0x000000d6fe200000,0x000000d6fe300000)]

Stack: [0x000000d6fe200000,0x000000d6fe300000]
Native frames: (J=compiled Java code, j=interpreted, Vv=VM code, C=native code)
V  [jvm.dll+0x629d8a]
V  [jvm.dll+0x7638ff]
V  [jvm.dll+0x764fa9]
V  [jvm.dll+0x765633]
V  [jvm.dll+0x23d9c8]
V  [jvm.dll+0x6270aa]
V  [jvm.dll+0x61be35]
V  [jvm.dll+0x2f27dc]
V  [jvm.dll+0x2f2662]
V  [jvm.dll+0x2f7386]
V  [jvm.dll+0x339d8f]
V  [jvm.dll+0x3397c0]
V  [jvm.dll+0x2cfdf8]
V  [jvm.dll+0x2d0f66]
V  [jvm.dll+0x73df07]
V  [jvm.dll+0x73f79f]
V  [jvm.dll+0x346ab9]
V  [jvm.dll+0x723810]
V  [jvm.dll+0x3b56cf]
V  [jvm.dll+0x3b77e1]
C  [jli.dll+0x5207]
C  [ucrtbase.dll+0x21bb2]
C  [KERNEL32.DLL+0x17034]
C  [ntdll.dll+0x52651]


---------------  P R O C E S S  ---------------

Threads class SMR info:
_java_thread_list=0x0000027497868f30, length=0, elements={
}

Java Threads: ( => current thread )

Other Threads:
  0x0000027499b33800 GCTaskThread "GC Thread#0" [stack: 0x000000d6fe300000,0x000000d6fe400000] [id=21900]
  0x0000027499b8f800 ConcurrentGCThread "G1 Main Marker" [stack: 0x000000d6fe400000,0x000000d6fe500000] [id=16416]
  0x0000027499b91000 ConcurrentGCThread "G1 Conc#0" [stack: 0x000000d6fe500000,0x000000d6fe600000] [id=9256]

[error occurred during error reporting (printing all threads), id 0xc0000005, EXCEPTION_ACCESS_VIOLATION (0xc0000005) at pc=0x00007ffbf468f087]

VM state:not at safepoint (not fully initialized)

VM Mutex/Monitor currently owned by a thread:  ([mutex/lock_event])
[0x0000027499b1c260] Heap_lock - owner thread: 0x0000027499b1f000

Heap address: 0x000000070a400000, size: 3932 MB, Compressed Oops mode: Non-zero based: 0x000000070a400000
Narrow klass base: 0x0000000000000000, Narrow klass shift: 0

GC Heap History (0 events):
No events

Deoptimization events (0 events):
No events

Classes redefined (0 events):
No events

Internal exceptions (0 events):
No events

Events (0 events):
No events


Dynamic libraries:
0x00007ff781360000 - 0x00007ff78136f000 	D:\java\jdk11\bin\java.exe
0x00007ffcaa350000 - 0x00007ffcaa545000 	C:\Windows\SYSTEM32\ntdll.dll
0x00007ffcaa240000 - 0x00007ffcaa2fd000 	C:\Windows\System32\KERNEL32.DLL
0x00007ffca7e00000 - 0x00007ffca80cd000 	C:\Windows\System32\KERNELBASE.dll
0x00007ffca80d0000 - 0x00007ffca81d0000 	C:\Windows\System32\ucrtbase.dll
0x00007ffca1eb0000 - 0x00007ffca1ec5000 	D:\java\jdk11\bin\VCRUNTIME140.dll
0x00007ffca2f50000 - 0x00007ffca2f68000 	D:\java\jdk11\bin\jli.dll
0x00007ffca8ea0000 - 0x00007ffca8f4e000 	C:\Windows\System32\ADVAPI32.dll
0x00007ffca9120000 - 0x00007ffca91be000 	C:\Windows\System32\msvcrt.dll
0x00007ffcaa1a0000 - 0x00007ffcaa23c000 	C:\Windows\System32\sechost.dll
0x00007ffca8f50000 - 0x00007ffca9075000 	C:\Windows\System32\RPCRT4.dll
0x00007ffca9af0000 - 0x00007ffca9c90000 	C:\Windows\System32\USER32.dll
0x00007ffca81d0000 - 0x00007ffca81f2000 	C:\Windows\System32\win32u.dll
0x00007ffc95190000 - 0x00007ffc9542a000 	C:\Windows\WinSxS\amd64_microsoft.windows.common-controls_6595b64144ccf1df_6.0.19041.1110_none_60b5254171f9507e\COMCTL32.dll
0x00007ffca9c90000 - 0x00007ffca9cba000 	C:\Windows\System32\GDI32.dll
0x00007ffca8200000 - 0x00007ffca830b000 	C:\Windows\System32\gdi32full.dll
0x00007ffca7d60000 - 0x00007ffca7dfd000 	C:\Windows\System32\msvcp_win.dll
0x00007ffca0990000 - 0x00007ffca099a000 	C:\Windows\SYSTEM32\VERSION.dll
0x00007ffca9220000 - 0x00007ffca9250000 	C:\Windows\System32\IMM32.DLL
0x00007ffc85090000 - 0x00007ffc8512b000 	D:\java\jdk11\bin\msvcp140.dll
0x00007ffbf43b0000 - 0x00007ffbf4ec6000 	D:\java\jdk11\bin\server\jvm.dll
0x00007ffcaa300000 - 0x00007ffcaa308000 	C:\Windows\System32\PSAPI.DLL
0x00007ffca5970000 - 0x00007ffca5997000 	C:\Windows\SYSTEM32\WINMM.dll
0x00007ffc7fe70000 - 0x00007ffc7fe79000 	C:\Windows\SYSTEM32\WSOCK32.dll
0x00007ffca90b0000 - 0x00007ffca911b000 	C:\Windows\System32\WS2_32.dll
0x00007ffca62f0000 - 0x00007ffca6302000 	C:\Windows\SYSTEM32\kernel.appcore.dll
0x00007ffca2e60000 - 0x00007ffca2e70000 	D:\java\jdk11\bin\verify.dll
0x00007ffca54c0000 - 0x00007ffca56a4000 	C:\Windows\SYSTEM32\DBGHELP.DLL
0x00007ffc96e40000 - 0x00007ffc96e6c000 	C:\Windows\SYSTEM32\dbgcore.DLL
0x00007ffca8310000 - 0x00007ffca8392000 	C:\Windows\System32\bcryptPrimitives.dll
0x00007ffc85a40000 - 0x00007ffc85a68000 	D:\java\jdk11\bin\java.dll
0x00007ffca2090000 - 0x00007ffca209a000 	D:\java\jdk11\bin\jimage.dll
0x00007ffca03f0000 - 0x00007ffca0406000 	D:\java\jdk11\bin\zip.dll

dbghelp: loaded successfully - version: 4.0.5 - missing functions: none
symbol engine: initialized successfully - sym options: 0x614 - pdb path: .;D:\java\jdk11\bin;C:\Windows\SYSTEM32;C:\Windows\WinSxS\amd64_microsoft.windows.common-controls_6595b64144ccf1df_6.0.19041.1110_none_60b5254171f9507e;D:\java\jdk11\bin\server

VM Arguments:
java_command: org.jetbrains.kotlin.cli.jvm.K2JVMCompiler @D:\c\work space\react\WanmuApp\node_modules\react-native-screens\android\build\20220612_9645044434515160781.compiler.options
java_class_path (initial): C:\Users\Zord\.gradle\caches\modules-2\files-2.1\org.jetbrains.kotlin\kotlin-compiler-embeddable\1.4.10\38c4b99d5d5362debdd9302a866730379aa2328a\kotlin-compiler-embeddable-1.4.10.jar;C:\Users\Zord\.gradle\caches\modules-2\files-2.1\org.jetbrains.kotlin\kotlin-reflect\1.4.10\e2b3c6695eee6085e606d96d685396dce23a3a06\kotlin-reflect-1.4.10.jar;C:\Users\Zord\.gradle\caches\modules-2\files-2.1\org.jetbrains.kotlin\kotlin-stdlib\1.4.10\ea29e063d2bbe695be13e9d044dcfb0c7add398e\kotlin-stdlib-1.4.10.jar;C:\Users\Zord\.gradle\caches\modules-2\files-2.1\org.jetbrains.kotlin\kotlin-script-runtime\1.4.10\7c19d9c2001e016cd7664cebe9eea66fc04a7f4f\kotlin-script-runtime-1.4.10.jar;C:\Users\Zord\.gradle\caches\modules-2\files-2.1\org.jetbrains.kotlin\kotlin-daemon-embeddable\1.4.10\dbd67f42bed28043d17d7c860b06110a00a45970\kotlin-daemon-embeddable-1.4.10.jar;C:\Users\Zord\.gradle\caches\modules-2\files-2.1\org.jetbrains.intellij.deps\trove4j\1.0.20181211\216c2e14b070f334479d800987affe4054cd563f\trove4j-1.0.20181211.jar;C:\Users\Zord\.gradle\caches\modules-2\files-2.1\org.jetbrains.kotlin\kotlin-stdlib-common\1.4.10\6229be3465805c99db1142ad75e6c6ddeac0b04c\kotlin-stdlib-common-1.4.10.jar;C:\Users\Zord\.gradle\caches\modules-2\files-2.1\org.jetbrains\annotations\13.0\919f0dfe192fb4e063e7dacadee7f8bb9a2672a9\annotations-13.0.jar
Launcher Type: SUN_STANDARD

[Global flags]
     intx CICompilerCount                          = 12                                        {product} {ergonomic}
     uint ConcGCThreads                            = 3                                         {product} {ergonomic}
     uint G1ConcRefinementThreads                  = 13                                        {product} {ergonomic}
   size_t G1HeapRegionSize                         = 1048576                                   {product} {ergonomic}
    uintx GCDrainStackTargetSize                   = 64                                        {product} {ergonomic}
   size_t InitialHeapSize                          = 257949696                                 {product} {ergonomic}
   size_t MarkStackSize                            = 4194304                                   {product} {ergonomic}
   size_t MaxHeapSize                              = 4123000832                                {product} {ergonomic}
   size_t MinHeapDeltaBytes                        = 1048576                                   {product} {ergonomic}
    uintx NonNMethodCodeHeapSize                   = 7594288                                {pd product} {ergonomic}
    uintx NonProfiledCodeHeapSize                  = 122031976                              {pd product} {ergonomic}
    uintx ProfiledCodeHeapSize                     = 122031976                              {pd product} {ergonomic}
    uintx ReservedCodeCacheSize                    = 251658240                              {pd product} {ergonomic}
     bool SegmentedCodeCache                       = true                                      {product} {ergonomic}
     bool UseCompressedClassPointers               = true                                 {lp64_product} {ergonomic}
     bool UseCompressedOops                        = true                                 {lp64_product} {ergonomic}
     bool UseG1GC                                  = true                                      {product} {ergonomic}
     bool UseLargePagesIndividualAllocation        = false                                  {pd product} {ergonomic}

Logging:
Log output configuration:
 #0: stdout all=warning uptime,level,tags
 #1: stderr all=off uptime,level,tags

Environment Variables:
JAVA_HOME=D:\java\jdk11
CLASSPATH=D:\c\work space\react\WanmuApp\android\\gradle\wrapper\gradle-wrapper.jar
PATH=D:\c\work space\react\WanmuApp\android\node_modules\.bin;D:\c\work space\react\WanmuApp\node_modules\.bin;D:\c\work space\react\node_modules\.bin;D:\c\work space\node_modules\.bin;D:\c\node_modules\.bin;D:\node_modules\.bin;D:\node;C:\Users\Zord\AppData\Local\Temp\yarn--1655032005367-0.060990008766689696;D:\c\work space\react\WanmuApp\node_modules\.bin;C:\Users\Zord\AppData\Local\Yarn\Data\link\node_modules\.bin;C:\Users\Zord\AppData\Local\Yarn\bin;D:\libexec\lib\node_modules\npm\bin\node-gyp-bin;D:\lib\node_modules\npm\bin\node-gyp-bin;D:\node\node_modules\npm\bin\node-gyp-bin;C:\Program Files\Common Files\Oracle\Java\javapath;D:\java\jdk11\bin;C:\Program Files (x86)\Common Files\Oracle\Java\javapath;C:\Windows\system32;C:\Windows;C:\Windows\System32\Wbem;C:\Windows\System32\WindowsPowerShell\v1.0\;C:\Windows\System32\OpenSSH\;.;D:\java\jdk11\lib;D:\java\jdk11\lib\tools.jar;D:\node\;D:\maven\apache-maven-3.5.0\bin;D:\git\Git\cmd;;D:\wxwork\微信web开发者工具\dll;C:\Program Files\Redis\;C:\Program Files\MySQL\MySQL Shell 8.0\bin\;C:\Users\Zord\AppData\Local\Microsoft\WindowsApps;;D:\Clion\CLion 2021.2.2\bin;;D:\clion2021\PyCharm Community Edition 2021.2.2\bin;;C:\Users\Zord\AppData\Roaming\npm;D:\idea\IntelliJ IDEA 2021.3.2\bin;;D:\Microsoft VS Code\bin
USERNAME=Zord
OS=Windows_NT
PROCESSOR_IDENTIFIER=AMD64 Family 23 Model 104 Stepping 1, AuthenticAMD



---------------  S Y S T E M  ---------------

OS: Windows 10 , 64 bit Build 19041 (10.0.19041.1706)

CPU:total 16 (initial active 16) (16 cores per cpu, 2 threads per core) family 23 model 104 stepping 1 microcode 0x0, cmov, cx8, fxsr, mmx, sse, sse2, sse3, ssse3, sse4.1, sse4.2, popcnt, avx, avx2, aes, clmul, mmxext, 3dnowpref, lzcnt, sse4a, ht, tsc, tscinvbit, tscinv, bmi1, bmi2, adx,

Memory: 4k page, system-wide physical 15721M (490M free)
TotalPageFile size 31070M (AvailPageFile size 78M)
current process WorkingSet (physical memory assigned to process): 10M, peak: 10M
current process commit charge ("private bytes"): 71M, peak: 317M

vm_info: Java HotSpot(TM) 64-Bit Server VM (11.0.15.1+2-LTS-10) for windows-amd64 JRE (11.0.15.1+2-LTS-10), built on Apr 25 2022 21:51:57 by "mach5one" with MS VC++ 15.9 (VS2017)

END.
